Release 14.7 Map P.20131013 (lin64)
Xilinx Mapping Report File for Design 'topModule'

Design Information
------------------
Command Line   : map -timing -ol high -detail -pr b -register_duplication -w -o
topModule_tmp.ncd topModule.ngd 
Target Device  : xc3s100e
Target Package : cp132
Target Speed   : -5
Mapper Version : spartan3e -- $Revision: 1.55 $
Mapped Date    : Fri May 12 00:32:22 2017

Design Summary
--------------
Number of errors   :   3
Number of warnings :   1

Section 1 - Errors
------------------
ERROR:Place:836 - Not enough free sites available for the components of the
   following type(s).
      LUT   	Number of Components 2535   	Number of Sites 1920
      FF   	Number of Components 1987   	Number of Sites 1920

ERROR:Place:375 - The design does not fit in device.
    Total LUT Utilization      : 2535 out of 1920
    LUTs used as Logic         : 2535
    LUTs used as Memory        : 0
    FF Utilization             : 1987 out of 1920


ERROR:Pack:1654 - The timing-driven placement phase encountered an error.

Section 2 - Warnings
--------------------
WARNING:Map:34 - Speed grade not specified.  Using default "-5".

Section 3 - Informational
-------------------------
INFO:MapLib:562 - No environment variables are currently set.
INFO:LIT:244 - All of the single ended outputs in this design are using slew
   rate limited output drivers. The delay on speed critical single ended outputs
   can be dramatically reduced by designating them as fast outputs.
INFO:Pack:1716 - Initializing temperature to 85.000 Celsius. (default - Range:
   -40.000 to 100.000 Celsius)
INFO:Pack:1720 - Initializing voltage to 1.140 Volts. (default - Range: 1.140 to
   1.320 Volts)

Section 4 - Removed Logic Summary
---------------------------------
   2 block(s) optimized away
 496 Block(s) redundant

Section 5 - Removed Logic
-------------------------

Optimized Block(s):
TYPE 		BLOCK
GND 		XST_GND
VCC 		XST_VCC

Redundant Block(s):
TYPE 		BLOCK
LUT1 		threesamplefilter_op/module2op_1/Mmult_multoutext_Madd3_xor<5>_rt
LUT1 		threesamplefilter_op/module2op_1/Mmult_multoutext_Madd3_xor<6>_rt
LUT1 		threesamplefilter_op/module2op_1/Mmult_multoutext_Madd3_xor<7>_rt
LUT1 		threesamplefilter_op/module2op_1/Mmult_multoutext_Madd3_xor<8>_rt
LUT1 		threesamplefilter_op/module2op_1/Mmult_multoutext_Madd3_xor<9>_rt
LUT1 		threesamplefilter_op/module2op_1/Mmult_multoutext_Madd3_xor<10>_rt
LUT1 		threesamplefilter_op/module2op_1/Mmult_multoutext_Madd3_xor<11>_rt
LUT1 		threesamplefilter_op/module2op_1/Mmult_multoutext_Madd3_xor<12>_rt
LUT1 		threesamplefilter_op/module2op_2/Mmult_multoutext_Madd3_xor<5>_rt
LUT1 		threesamplefilter_op/module2op_2/Mmult_multoutext_Madd3_xor<6>_rt
LUT1 		threesamplefilter_op/module2op_2/Mmult_multoutext_Madd3_xor<7>_rt
LUT1 		threesamplefilter_op/module2op_2/Mmult_multoutext_Madd3_xor<8>_rt
LUT1 		threesamplefilter_op/module2op_2/Mmult_multoutext_Madd3_xor<9>_rt
LUT1 		threesamplefilter_op/module2op_2/Mmult_multoutext_Madd3_xor<10>_rt
LUT1 		threesamplefilter_op/module2op_2/Mmult_multoutext_Madd3_xor<11>_rt
LUT1 		threesamplefilter_op/module2op_2/Mmult_multoutext_Madd3_xor<12>_rt
LUT1 		threesamplefilter_op/module2op_3/Mmult_multoutext_Madd3_xor<5>_rt
LUT1 		threesamplefilter_op/module2op_3/Mmult_multoutext_Madd3_xor<6>_rt
LUT1 		threesamplefilter_op/module2op_3/Mmult_multoutext_Madd3_xor<7>_rt
LUT1 		threesamplefilter_op/module2op_3/Mmult_multoutext_Madd3_xor<8>_rt
LUT1 		threesamplefilter_op/module2op_3/Mmult_multoutext_Madd3_xor<9>_rt
LUT1 		threesamplefilter_op/module2op_3/Mmult_multoutext_Madd3_xor<10>_rt
LUT1 		threesamplefilter_op/module2op_3/Mmult_multoutext_Madd3_xor<11>_rt
LUT1 		threesamplefilter_op/module2op_3/Mmult_multoutext_Madd3_xor<12>_rt
LUT1 		threesamplefilter_op/module2op_4/Mmult_multoutext_Madd3_xor<5>_rt
LUT1 		threesamplefilter_op/module2op_4/Mmult_multoutext_Madd3_xor<6>_rt
LUT1 		threesamplefilter_op/module2op_4/Mmult_multoutext_Madd3_xor<7>_rt
LUT1 		threesamplefilter_op/module2op_4/Mmult_multoutext_Madd3_xor<8>_rt
LUT1 		threesamplefilter_op/module2op_4/Mmult_multoutext_Madd3_xor<9>_rt
LUT1 		threesamplefilter_op/module2op_4/Mmult_multoutext_Madd3_xor<10>_rt
LUT1 		threesamplefilter_op/module2op_4/Mmult_multoutext_Madd3_xor<11>_rt
LUT1 		threesamplefilter_op/module2op_4/Mmult_multoutext_Madd3_xor<12>_rt
LUT1 		threesamplefilter_op/module2op_5/Mmult_multoutext_Madd3_xor<5>_rt
LUT1 		threesamplefilter_op/module2op_5/Mmult_multoutext_Madd3_xor<6>_rt
LUT1 		threesamplefilter_op/module2op_5/Mmult_multoutext_Madd3_xor<7>_rt
LUT1 		threesamplefilter_op/module2op_5/Mmult_multoutext_Madd3_xor<8>_rt
LUT1 		threesamplefilter_op/module2op_5/Mmult_multoutext_Madd3_xor<9>_rt
LUT1 		threesamplefilter_op/module2op_5/Mmult_multoutext_Madd3_xor<10>_rt
LUT1 		threesamplefilter_op/module2op_5/Mmult_multoutext_Madd3_xor<11>_rt
LUT1 		threesamplefilter_op/module2op_5/Mmult_multoutext_Madd3_xor<12>_rt
LUT1 		threesamplefilter_op/module2op_6/Mmult_multoutext_Madd3_xor<5>_rt
LUT1 		threesamplefilter_op/module2op_6/Mmult_multoutext_Madd3_xor<6>_rt
LUT1 		threesamplefilter_op/module2op_6/Mmult_multoutext_Madd3_xor<7>_rt
LUT1 		threesamplefilter_op/module2op_6/Mmult_multoutext_Madd3_xor<8>_rt
LUT1 		threesamplefilter_op/module2op_6/Mmult_multoutext_Madd3_xor<9>_rt
LUT1 		threesamplefilter_op/module2op_6/Mmult_multoutext_Madd3_xor<10>_rt
LUT1 		threesamplefilter_op/module2op_6/Mmult_multoutext_Madd3_xor<11>_rt
LUT1 		threesamplefilter_op/module2op_6/Mmult_multoutext_Madd3_xor<12>_rt
LUT1 		threesamplefilter_op/module2op_7/Mmult_multoutext_Madd3_xor<5>_rt
LUT1 		threesamplefilter_op/module2op_7/Mmult_multoutext_Madd3_xor<6>_rt
LUT1 		threesamplefilter_op/module2op_7/Mmult_multoutext_Madd3_xor<7>_rt
LUT1 		threesamplefilter_op/module2op_7/Mmult_multoutext_Madd3_xor<8>_rt
LUT1 		threesamplefilter_op/module2op_7/Mmult_multoutext_Madd3_xor<9>_rt
LUT1 		threesamplefilter_op/module2op_7/Mmult_multoutext_Madd3_xor<10>_rt
LUT1 		threesamplefilter_op/module2op_7/Mmult_multoutext_Madd3_xor<11>_rt
LUT1 		threesamplefilter_op/module2op_7/Mmult_multoutext_Madd3_xor<12>_rt
LUT1 		threesamplefilter_op/module2op_8/Mmult_multoutext_Madd3_xor<5>_rt
LUT1 		threesamplefilter_op/module2op_8/Mmult_multoutext_Madd3_xor<6>_rt
LUT1 		threesamplefilter_op/module2op_8/Mmult_multoutext_Madd3_xor<7>_rt
LUT1 		threesamplefilter_op/module2op_8/Mmult_multoutext_Madd3_xor<8>_rt
LUT1 		threesamplefilter_op/module2op_8/Mmult_multoutext_Madd3_xor<9>_rt
LUT1 		threesamplefilter_op/module2op_8/Mmult_multoutext_Madd3_xor<10>_rt
LUT1 		threesamplefilter_op/module2op_8/Mmult_multoutext_Madd3_xor<11>_rt
LUT1 		threesamplefilter_op/module2op_8/Mmult_multoutext_Madd3_xor<12>_rt
LUT1 		threesamplefilter_op/module2op_9/Mmult_multoutext_Madd3_xor<5>_rt
LUT1 		threesamplefilter_op/module2op_9/Mmult_multoutext_Madd3_xor<6>_rt
LUT1 		threesamplefilter_op/module2op_9/Mmult_multoutext_Madd3_xor<7>_rt
LUT1 		threesamplefilter_op/module2op_9/Mmult_multoutext_Madd3_xor<8>_rt
LUT1 		threesamplefilter_op/module2op_9/Mmult_multoutext_Madd3_xor<9>_rt
LUT1 		threesamplefilter_op/module2op_9/Mmult_multoutext_Madd3_xor<10>_rt
LUT1 		threesamplefilter_op/module2op_9/Mmult_multoutext_Madd3_xor<11>_rt
LUT1 		threesamplefilter_op/module2op_9/Mmult_multoutext_Madd3_xor<12>_rt
LUT1 		threesamplefilter_op/module2op_10/Mmult_multoutext_Madd3_xor<5>_rt
LUT1 		threesamplefilter_op/module2op_10/Mmult_multoutext_Madd3_xor<6>_rt
LUT1 		threesamplefilter_op/module2op_10/Mmult_multoutext_Madd3_xor<7>_rt
LUT1 		threesamplefilter_op/module2op_10/Mmult_multoutext_Madd3_xor<8>_rt
LUT1 		threesamplefilter_op/module2op_10/Mmult_multoutext_Madd3_xor<9>_rt
LUT1 		threesamplefilter_op/module2op_10/Mmult_multoutext_Madd3_xor<10>_rt
LUT1 		threesamplefilter_op/module2op_10/Mmult_multoutext_Madd3_xor<11>_rt
LUT1 		threesamplefilter_op/module2op_10/Mmult_multoutext_Madd3_xor<12>_rt
LUT1 		threesamplefilter_op/module2op_11/Mmult_multoutext_Madd3_xor<5>_rt
LUT1 		threesamplefilter_op/module2op_11/Mmult_multoutext_Madd3_xor<6>_rt
LUT1 		threesamplefilter_op/module2op_11/Mmult_multoutext_Madd3_xor<7>_rt
LUT1 		threesamplefilter_op/module2op_11/Mmult_multoutext_Madd3_xor<8>_rt
LUT1 		threesamplefilter_op/module2op_11/Mmult_multoutext_Madd3_xor<9>_rt
LUT1 		threesamplefilter_op/module2op_11/Mmult_multoutext_Madd3_xor<10>_rt
LUT1 		threesamplefilter_op/module2op_11/Mmult_multoutext_Madd3_xor<11>_rt
LUT1 		threesamplefilter_op/module2op_11/Mmult_multoutext_Madd3_xor<12>_rt
LUT1 		threesamplefilter_op/module2op_12/Mmult_multoutext_Madd3_xor<5>_rt
LUT1 		threesamplefilter_op/module2op_12/Mmult_multoutext_Madd3_xor<6>_rt
LUT1 		threesamplefilter_op/module2op_12/Mmult_multoutext_Madd3_xor<7>_rt
LUT1 		threesamplefilter_op/module2op_12/Mmult_multoutext_Madd3_xor<8>_rt
LUT1 		threesamplefilter_op/module2op_12/Mmult_multoutext_Madd3_xor<9>_rt
LUT1 		threesamplefilter_op/module2op_12/Mmult_multoutext_Madd3_xor<10>_rt
LUT1 		threesamplefilter_op/module2op_12/Mmult_multoutext_Madd3_xor<11>_rt
LUT1 		threesamplefilter_op/module2op_12/Mmult_multoutext_Madd3_xor<12>_rt
LUT1 		threesamplefilter_op/module2op_13/Mmult_multoutext_Madd3_xor<5>_rt
LUT1 		threesamplefilter_op/module2op_13/Mmult_multoutext_Madd3_xor<6>_rt
LUT1 		threesamplefilter_op/module2op_13/Mmult_multoutext_Madd3_xor<7>_rt
LUT1 		threesamplefilter_op/module2op_13/Mmult_multoutext_Madd3_xor<8>_rt
LUT1 		threesamplefilter_op/module2op_13/Mmult_multoutext_Madd3_xor<9>_rt
LUT1 		threesamplefilter_op/module2op_13/Mmult_multoutext_Madd3_xor<10>_rt
LUT1 		threesamplefilter_op/module2op_13/Mmult_multoutext_Madd3_xor<11>_rt
LUT1 		threesamplefilter_op/module2op_13/Mmult_multoutext_Madd3_xor<12>_rt
LUT1 		threesamplefilter_op/module2op_14/Mmult_multoutext_Madd3_xor<5>_rt
LUT1 		threesamplefilter_op/module2op_14/Mmult_multoutext_Madd3_xor<6>_rt
LUT1 		threesamplefilter_op/module2op_14/Mmult_multoutext_Madd3_xor<7>_rt
LUT1 		threesamplefilter_op/module2op_14/Mmult_multoutext_Madd3_xor<8>_rt
LUT1 		threesamplefilter_op/module2op_14/Mmult_multoutext_Madd3_xor<9>_rt
LUT1 		threesamplefilter_op/module2op_14/Mmult_multoutext_Madd3_xor<10>_rt
LUT1 		threesamplefilter_op/module2op_14/Mmult_multoutext_Madd3_xor<11>_rt
LUT1 		threesamplefilter_op/module2op_14/Mmult_multoutext_Madd3_xor<12>_rt
LUT1 		threesamplefilter_op/module2op_15/Mmult_multoutext_Madd3_xor<5>_rt
LUT1 		threesamplefilter_op/module2op_15/Mmult_multoutext_Madd3_xor<6>_rt
LUT1 		threesamplefilter_op/module2op_15/Mmult_multoutext_Madd3_xor<7>_rt
LUT1 		threesamplefilter_op/module2op_15/Mmult_multoutext_Madd3_xor<8>_rt
LUT1 		threesamplefilter_op/module2op_15/Mmult_multoutext_Madd3_xor<9>_rt
LUT1 		threesamplefilter_op/module2op_15/Mmult_multoutext_Madd3_xor<10>_rt
LUT1 		threesamplefilter_op/module2op_15/Mmult_multoutext_Madd3_xor<11>_rt
LUT1 		threesamplefilter_op/module2op_15/Mmult_multoutext_Madd3_xor<12>_rt
LUT1 		threesamplefilter_op/module2op_16/Mmult_multoutext_Madd3_xor<5>_rt
LUT1 		threesamplefilter_op/module2op_16/Mmult_multoutext_Madd3_xor<6>_rt
LUT1 		threesamplefilter_op/module2op_16/Mmult_multoutext_Madd3_xor<7>_rt
LUT1 		threesamplefilter_op/module2op_16/Mmult_multoutext_Madd3_xor<8>_rt
LUT1 		threesamplefilter_op/module2op_16/Mmult_multoutext_Madd3_xor<9>_rt
LUT1 		threesamplefilter_op/module2op_16/Mmult_multoutext_Madd3_xor<10>_rt
LUT1 		threesamplefilter_op/module2op_16/Mmult_multoutext_Madd3_xor<11>_rt
LUT1 		threesamplefilter_op/module2op_16/Mmult_multoutext_Madd3_xor<12>_rt
LUT1 		threesamplefilter_op/module2op_17/Mmult_multoutext_Madd3_xor<5>_rt
LUT1 		threesamplefilter_op/module2op_17/Mmult_multoutext_Madd3_xor<6>_rt
LUT1 		threesamplefilter_op/module2op_17/Mmult_multoutext_Madd3_xor<7>_rt
LUT1 		threesamplefilter_op/module2op_17/Mmult_multoutext_Madd3_xor<8>_rt
LUT1 		threesamplefilter_op/module2op_17/Mmult_multoutext_Madd3_xor<9>_rt
LUT1 		threesamplefilter_op/module2op_17/Mmult_multoutext_Madd3_xor<10>_rt
LUT1 		threesamplefilter_op/module2op_17/Mmult_multoutext_Madd3_xor<11>_rt
LUT1 		threesamplefilter_op/module2op_17/Mmult_multoutext_Madd3_xor<12>_rt
LUT1 		threesamplefilter_op/module2op_18/Mmult_multoutext_Madd3_xor<5>_rt
LUT1 		threesamplefilter_op/module2op_18/Mmult_multoutext_Madd3_xor<6>_rt
LUT1 		threesamplefilter_op/module2op_18/Mmult_multoutext_Madd3_xor<7>_rt
LUT1 		threesamplefilter_op/module2op_18/Mmult_multoutext_Madd3_xor<8>_rt
LUT1 		threesamplefilter_op/module2op_18/Mmult_multoutext_Madd3_xor<9>_rt
LUT1 		threesamplefilter_op/module2op_18/Mmult_multoutext_Madd3_xor<10>_rt
LUT1 		threesamplefilter_op/module2op_18/Mmult_multoutext_Madd3_xor<11>_rt
LUT1 		threesamplefilter_op/module2op_18/Mmult_multoutext_Madd3_xor<12>_rt
LUT1 		threesamplefilter_op/module2op_19/Mmult_multoutext_Madd3_xor<5>_rt
LUT1 		threesamplefilter_op/module2op_19/Mmult_multoutext_Madd3_xor<6>_rt
LUT1 		threesamplefilter_op/module2op_19/Mmult_multoutext_Madd3_xor<7>_rt
LUT1 		threesamplefilter_op/module2op_19/Mmult_multoutext_Madd3_xor<8>_rt
LUT1 		threesamplefilter_op/module2op_19/Mmult_multoutext_Madd3_xor<9>_rt
LUT1 		threesamplefilter_op/module2op_19/Mmult_multoutext_Madd3_xor<10>_rt
LUT1 		threesamplefilter_op/module2op_19/Mmult_multoutext_Madd3_xor<11>_rt
LUT1 		threesamplefilter_op/module2op_19/Mmult_multoutext_Madd3_xor<12>_rt
LUT1 		threesamplefilter_op/module2op_20/Mmult_multoutext_Madd3_xor<5>_rt
LUT1 		threesamplefilter_op/module2op_20/Mmult_multoutext_Madd3_xor<6>_rt
LUT1 		threesamplefilter_op/module2op_20/Mmult_multoutext_Madd3_xor<7>_rt
LUT1 		threesamplefilter_op/module2op_20/Mmult_multoutext_Madd3_xor<8>_rt
LUT1 		threesamplefilter_op/module2op_20/Mmult_multoutext_Madd3_xor<9>_rt
LUT1 		threesamplefilter_op/module2op_20/Mmult_multoutext_Madd3_xor<10>_rt
LUT1 		threesamplefilter_op/module2op_20/Mmult_multoutext_Madd3_xor<11>_rt
LUT1 		threesamplefilter_op/module2op_20/Mmult_multoutext_Madd3_xor<12>_rt
LUT1 		threesamplefilter_op/module2op_21/Mmult_multoutext_Madd3_xor<5>_rt
LUT1 		threesamplefilter_op/module2op_21/Mmult_multoutext_Madd3_xor<6>_rt
LUT1 		threesamplefilter_op/module2op_21/Mmult_multoutext_Madd3_xor<7>_rt
LUT1 		threesamplefilter_op/module2op_21/Mmult_multoutext_Madd3_xor<8>_rt
LUT1 		threesamplefilter_op/module2op_21/Mmult_multoutext_Madd3_xor<9>_rt
LUT1 		threesamplefilter_op/module2op_21/Mmult_multoutext_Madd3_xor<10>_rt
LUT1 		threesamplefilter_op/module2op_21/Mmult_multoutext_Madd3_xor<11>_rt
LUT1 		threesamplefilter_op/module2op_21/Mmult_multoutext_Madd3_xor<12>_rt
LUT1 		threesamplefilter_op/module2op_22/Mmult_multoutext_Madd3_xor<5>_rt
LUT1 		threesamplefilter_op/module2op_22/Mmult_multoutext_Madd3_xor<6>_rt
LUT1 		threesamplefilter_op/module2op_22/Mmult_multoutext_Madd3_xor<7>_rt
LUT1 		threesamplefilter_op/module2op_22/Mmult_multoutext_Madd3_xor<8>_rt
LUT1 		threesamplefilter_op/module2op_22/Mmult_multoutext_Madd3_xor<9>_rt
LUT1 		threesamplefilter_op/module2op_22/Mmult_multoutext_Madd3_xor<10>_rt
LUT1 		threesamplefilter_op/module2op_22/Mmult_multoutext_Madd3_xor<11>_rt
LUT1 		threesamplefilter_op/module2op_22/Mmult_multoutext_Madd3_xor<12>_rt
LUT1 		threesamplefilter_op/module2op_23/Mmult_multoutext_Madd3_xor<5>_rt
LUT1 		threesamplefilter_op/module2op_23/Mmult_multoutext_Madd3_xor<6>_rt
LUT1 		threesamplefilter_op/module2op_23/Mmult_multoutext_Madd3_xor<7>_rt
LUT1 		threesamplefilter_op/module2op_23/Mmult_multoutext_Madd3_xor<8>_rt
LUT1 		threesamplefilter_op/module2op_23/Mmult_multoutext_Madd3_xor<9>_rt
LUT1 		threesamplefilter_op/module2op_23/Mmult_multoutext_Madd3_xor<10>_rt
LUT1 		threesamplefilter_op/module2op_23/Mmult_multoutext_Madd3_xor<11>_rt
LUT1 		threesamplefilter_op/module2op_23/Mmult_multoutext_Madd3_xor<12>_rt
LUT1 		threesamplefilter_op/module2op_24/Mmult_multoutext_Madd3_xor<5>_rt
LUT1 		threesamplefilter_op/module2op_24/Mmult_multoutext_Madd3_xor<6>_rt
LUT1 		threesamplefilter_op/module2op_24/Mmult_multoutext_Madd3_xor<7>_rt
LUT1 		threesamplefilter_op/module2op_24/Mmult_multoutext_Madd3_xor<8>_rt
LUT1 		threesamplefilter_op/module2op_24/Mmult_multoutext_Madd3_xor<9>_rt
LUT1 		threesamplefilter_op/module2op_24/Mmult_multoutext_Madd3_xor<10>_rt
LUT1 		threesamplefilter_op/module2op_24/Mmult_multoutext_Madd3_xor<11>_rt
LUT1 		threesamplefilter_op/module2op_24/Mmult_multoutext_Madd3_xor<12>_rt
LUT1 		threesamplefilter_op/module2op_25/Mmult_multoutext_Madd3_xor<5>_rt
LUT1 		threesamplefilter_op/module2op_25/Mmult_multoutext_Madd3_xor<6>_rt
LUT1 		threesamplefilter_op/module2op_25/Mmult_multoutext_Madd3_xor<7>_rt
LUT1 		threesamplefilter_op/module2op_25/Mmult_multoutext_Madd3_xor<8>_rt
LUT1 		threesamplefilter_op/module2op_25/Mmult_multoutext_Madd3_xor<9>_rt
LUT1 		threesamplefilter_op/module2op_25/Mmult_multoutext_Madd3_xor<10>_rt
LUT1 		threesamplefilter_op/module2op_25/Mmult_multoutext_Madd3_xor<11>_rt
LUT1 		threesamplefilter_op/module2op_25/Mmult_multoutext_Madd3_xor<12>_rt
LUT1 		threesamplefilter_op/module2op_26/Mmult_multoutext_Madd3_xor<5>_rt
LUT1 		threesamplefilter_op/module2op_26/Mmult_multoutext_Madd3_xor<6>_rt
LUT1 		threesamplefilter_op/module2op_26/Mmult_multoutext_Madd3_xor<7>_rt
LUT1 		threesamplefilter_op/module2op_26/Mmult_multoutext_Madd3_xor<8>_rt
LUT1 		threesamplefilter_op/module2op_26/Mmult_multoutext_Madd3_xor<9>_rt
LUT1 		threesamplefilter_op/module2op_26/Mmult_multoutext_Madd3_xor<10>_rt
LUT1 		threesamplefilter_op/module2op_26/Mmult_multoutext_Madd3_xor<11>_rt
LUT1 		threesamplefilter_op/module2op_26/Mmult_multoutext_Madd3_xor<12>_rt
LUT1 		threesamplefilter_op/module2op_27/Mmult_multoutext_Madd3_xor<5>_rt
LUT1 		threesamplefilter_op/module2op_27/Mmult_multoutext_Madd3_xor<6>_rt
LUT1 		threesamplefilter_op/module2op_27/Mmult_multoutext_Madd3_xor<7>_rt
LUT1 		threesamplefilter_op/module2op_27/Mmult_multoutext_Madd3_xor<8>_rt
LUT1 		threesamplefilter_op/module2op_27/Mmult_multoutext_Madd3_xor<9>_rt
LUT1 		threesamplefilter_op/module2op_27/Mmult_multoutext_Madd3_xor<10>_rt
LUT1 		threesamplefilter_op/module2op_27/Mmult_multoutext_Madd3_xor<11>_rt
LUT1 		threesamplefilter_op/module2op_27/Mmult_multoutext_Madd3_xor<12>_rt
LUT1 		threesamplefilter_op/module2op_28/Mmult_multoutext_Madd3_xor<5>_rt
LUT1 		threesamplefilter_op/module2op_28/Mmult_multoutext_Madd3_xor<6>_rt
LUT1 		threesamplefilter_op/module2op_28/Mmult_multoutext_Madd3_xor<7>_rt
LUT1 		threesamplefilter_op/module2op_28/Mmult_multoutext_Madd3_xor<8>_rt
LUT1 		threesamplefilter_op/module2op_28/Mmult_multoutext_Madd3_xor<9>_rt
LUT1 		threesamplefilter_op/module2op_28/Mmult_multoutext_Madd3_xor<10>_rt
LUT1 		threesamplefilter_op/module2op_28/Mmult_multoutext_Madd3_xor<11>_rt
LUT1 		threesamplefilter_op/module2op_28/Mmult_multoutext_Madd3_xor<12>_rt
LUT1 		threesamplefilter_op/module2op_29/Mmult_multoutext_Madd3_xor<5>_rt
LUT1 		threesamplefilter_op/module2op_29/Mmult_multoutext_Madd3_xor<6>_rt
LUT1 		threesamplefilter_op/module2op_29/Mmult_multoutext_Madd3_xor<7>_rt
LUT1 		threesamplefilter_op/module2op_29/Mmult_multoutext_Madd3_xor<8>_rt
LUT1 		threesamplefilter_op/module2op_29/Mmult_multoutext_Madd3_xor<9>_rt
LUT1 		threesamplefilter_op/module2op_29/Mmult_multoutext_Madd3_xor<10>_rt
LUT1 		threesamplefilter_op/module2op_29/Mmult_multoutext_Madd3_xor<11>_rt
LUT1 		threesamplefilter_op/module2op_29/Mmult_multoutext_Madd3_xor<12>_rt
LUT1 		threesamplefilter_op/module2op_30/Mmult_multoutext_Madd3_xor<5>_rt
LUT1 		threesamplefilter_op/module2op_30/Mmult_multoutext_Madd3_xor<6>_rt
LUT1 		threesamplefilter_op/module2op_30/Mmult_multoutext_Madd3_xor<7>_rt
LUT1 		threesamplefilter_op/module2op_30/Mmult_multoutext_Madd3_xor<8>_rt
LUT1 		threesamplefilter_op/module2op_30/Mmult_multoutext_Madd3_xor<9>_rt
LUT1 		threesamplefilter_op/module2op_30/Mmult_multoutext_Madd3_xor<10>_rt
LUT1 		threesamplefilter_op/module2op_30/Mmult_multoutext_Madd3_xor<11>_rt
LUT1 		threesamplefilter_op/module2op_30/Mmult_multoutext_Madd3_xor<12>_rt
LUT1 		threesamplefilter_op/module2op_31/Mmult_multoutext_Madd3_xor<5>_rt
LUT1 		threesamplefilter_op/module2op_31/Mmult_multoutext_Madd3_xor<6>_rt
LUT1 		threesamplefilter_op/module2op_31/Mmult_multoutext_Madd3_xor<7>_rt
LUT1 		threesamplefilter_op/module2op_31/Mmult_multoutext_Madd3_xor<8>_rt
LUT1 		threesamplefilter_op/module2op_31/Mmult_multoutext_Madd3_xor<9>_rt
LUT1 		threesamplefilter_op/module2op_31/Mmult_multoutext_Madd3_xor<10>_rt
LUT1 		threesamplefilter_op/module2op_31/Mmult_multoutext_Madd3_xor<11>_rt
LUT1 		threesamplefilter_op/module2op_31/Mmult_multoutext_Madd3_xor<12>_rt
LUT1 		threesamplefilter_op/module2op_32/Mmult_multoutext_Madd3_xor<5>_rt
LUT1 		threesamplefilter_op/module2op_32/Mmult_multoutext_Madd3_xor<6>_rt
LUT1 		threesamplefilter_op/module2op_32/Mmult_multoutext_Madd3_xor<7>_rt
LUT1 		threesamplefilter_op/module2op_32/Mmult_multoutext_Madd3_xor<8>_rt
LUT1 		threesamplefilter_op/module2op_32/Mmult_multoutext_Madd3_xor<9>_rt
LUT1 		threesamplefilter_op/module2op_32/Mmult_multoutext_Madd3_xor<10>_rt
LUT1 		threesamplefilter_op/module2op_32/Mmult_multoutext_Madd3_xor<11>_rt
LUT1 		threesamplefilter_op/module2op_32/Mmult_multoutext_Madd3_xor<12>_rt
LUT1 		threesamplefilter_op/module2op_33/Mmult_multoutext_Madd3_xor<5>_rt
LUT1 		threesamplefilter_op/module2op_33/Mmult_multoutext_Madd3_xor<6>_rt
LUT1 		threesamplefilter_op/module2op_33/Mmult_multoutext_Madd3_xor<7>_rt
LUT1 		threesamplefilter_op/module2op_33/Mmult_multoutext_Madd3_xor<8>_rt
LUT1 		threesamplefilter_op/module2op_33/Mmult_multoutext_Madd3_xor<9>_rt
LUT1 		threesamplefilter_op/module2op_33/Mmult_multoutext_Madd3_xor<10>_rt
LUT1 		threesamplefilter_op/module2op_33/Mmult_multoutext_Madd3_xor<11>_rt
LUT1 		threesamplefilter_op/module2op_33/Mmult_multoutext_Madd3_xor<12>_rt
LUT1 		threesamplefilter_op/module2op_34/Mmult_multoutext_Madd3_xor<5>_rt
LUT1 		threesamplefilter_op/module2op_34/Mmult_multoutext_Madd3_xor<6>_rt
LUT1 		threesamplefilter_op/module2op_34/Mmult_multoutext_Madd3_xor<7>_rt
LUT1 		threesamplefilter_op/module2op_34/Mmult_multoutext_Madd3_xor<8>_rt
LUT1 		threesamplefilter_op/module2op_34/Mmult_multoutext_Madd3_xor<9>_rt
LUT1 		threesamplefilter_op/module2op_34/Mmult_multoutext_Madd3_xor<10>_rt
LUT1 		threesamplefilter_op/module2op_34/Mmult_multoutext_Madd3_xor<11>_rt
LUT1 		threesamplefilter_op/module2op_34/Mmult_multoutext_Madd3_xor<12>_rt
LUT1 		threesamplefilter_op/module2op_35/Mmult_multoutext_Madd3_xor<5>_rt
LUT1 		threesamplefilter_op/module2op_35/Mmult_multoutext_Madd3_xor<6>_rt
LUT1 		threesamplefilter_op/module2op_35/Mmult_multoutext_Madd3_xor<7>_rt
LUT1 		threesamplefilter_op/module2op_35/Mmult_multoutext_Madd3_xor<8>_rt
LUT1 		threesamplefilter_op/module2op_35/Mmult_multoutext_Madd3_xor<9>_rt
LUT1 		threesamplefilter_op/module2op_35/Mmult_multoutext_Madd3_xor<10>_rt
LUT1 		threesamplefilter_op/module2op_35/Mmult_multoutext_Madd3_xor<11>_rt
LUT1 		threesamplefilter_op/module2op_35/Mmult_multoutext_Madd3_xor<12>_rt
LUT1 		threesamplefilter_op/module2op_36/Mmult_multoutext_Madd3_xor<5>_rt
LUT1 		threesamplefilter_op/module2op_36/Mmult_multoutext_Madd3_xor<6>_rt
LUT1 		threesamplefilter_op/module2op_36/Mmult_multoutext_Madd3_xor<7>_rt
LUT1 		threesamplefilter_op/module2op_36/Mmult_multoutext_Madd3_xor<8>_rt
LUT1 		threesamplefilter_op/module2op_36/Mmult_multoutext_Madd3_xor<9>_rt
LUT1 		threesamplefilter_op/module2op_36/Mmult_multoutext_Madd3_xor<10>_rt
LUT1 		threesamplefilter_op/module2op_36/Mmult_multoutext_Madd3_xor<11>_rt
LUT1 		threesamplefilter_op/module2op_36/Mmult_multoutext_Madd3_xor<12>_rt
LUT1 		threesamplefilter_op/module2op_37/Mmult_multoutext_Madd3_xor<5>_rt
LUT1 		threesamplefilter_op/module2op_37/Mmult_multoutext_Madd3_xor<6>_rt
LUT1 		threesamplefilter_op/module2op_37/Mmult_multoutext_Madd3_xor<7>_rt
LUT1 		threesamplefilter_op/module2op_37/Mmult_multoutext_Madd3_xor<8>_rt
LUT1 		threesamplefilter_op/module2op_37/Mmult_multoutext_Madd3_xor<9>_rt
LUT1 		threesamplefilter_op/module2op_37/Mmult_multoutext_Madd3_xor<10>_rt
LUT1 		threesamplefilter_op/module2op_37/Mmult_multoutext_Madd3_xor<11>_rt
LUT1 		threesamplefilter_op/module2op_37/Mmult_multoutext_Madd3_xor<12>_rt
LUT1 		threesamplefilter_op/module2op_38/Mmult_multoutext_Madd3_xor<5>_rt
LUT1 		threesamplefilter_op/module2op_38/Mmult_multoutext_Madd3_xor<6>_rt
LUT1 		threesamplefilter_op/module2op_38/Mmult_multoutext_Madd3_xor<7>_rt
LUT1 		threesamplefilter_op/module2op_38/Mmult_multoutext_Madd3_xor<8>_rt
LUT1 		threesamplefilter_op/module2op_38/Mmult_multoutext_Madd3_xor<9>_rt
LUT1 		threesamplefilter_op/module2op_38/Mmult_multoutext_Madd3_xor<10>_rt
LUT1 		threesamplefilter_op/module2op_38/Mmult_multoutext_Madd3_xor<11>_rt
LUT1 		threesamplefilter_op/module2op_38/Mmult_multoutext_Madd3_xor<12>_rt
LUT1 		threesamplefilter_op/module2op_39/Mmult_multoutext_Madd3_xor<5>_rt
LUT1 		threesamplefilter_op/module2op_39/Mmult_multoutext_Madd3_xor<6>_rt
LUT1 		threesamplefilter_op/module2op_39/Mmult_multoutext_Madd3_xor<7>_rt
LUT1 		threesamplefilter_op/module2op_39/Mmult_multoutext_Madd3_xor<8>_rt
LUT1 		threesamplefilter_op/module2op_39/Mmult_multoutext_Madd3_xor<9>_rt
LUT1 		threesamplefilter_op/module2op_39/Mmult_multoutext_Madd3_xor<10>_rt
LUT1 		threesamplefilter_op/module2op_39/Mmult_multoutext_Madd3_xor<11>_rt
LUT1 		threesamplefilter_op/module2op_39/Mmult_multoutext_Madd3_xor<12>_rt
LUT1 		threesamplefilter_op/module2op_40/Mmult_multoutext_Madd3_xor<5>_rt
LUT1 		threesamplefilter_op/module2op_40/Mmult_multoutext_Madd3_xor<6>_rt
LUT1 		threesamplefilter_op/module2op_40/Mmult_multoutext_Madd3_xor<7>_rt
LUT1 		threesamplefilter_op/module2op_40/Mmult_multoutext_Madd3_xor<8>_rt
LUT1 		threesamplefilter_op/module2op_40/Mmult_multoutext_Madd3_xor<9>_rt
LUT1 		threesamplefilter_op/module2op_40/Mmult_multoutext_Madd3_xor<10>_rt
LUT1 		threesamplefilter_op/module2op_40/Mmult_multoutext_Madd3_xor<11>_rt
LUT1 		threesamplefilter_op/module2op_40/Mmult_multoutext_Madd3_xor<12>_rt
LUT1 		threesamplefilter_op/module2op_41/Mmult_multoutext_Madd3_xor<5>_rt
LUT1 		threesamplefilter_op/module2op_41/Mmult_multoutext_Madd3_xor<6>_rt
LUT1 		threesamplefilter_op/module2op_41/Mmult_multoutext_Madd3_xor<7>_rt
LUT1 		threesamplefilter_op/module2op_41/Mmult_multoutext_Madd3_xor<8>_rt
LUT1 		threesamplefilter_op/module2op_41/Mmult_multoutext_Madd3_xor<9>_rt
LUT1 		threesamplefilter_op/module2op_41/Mmult_multoutext_Madd3_xor<10>_rt
LUT1 		threesamplefilter_op/module2op_41/Mmult_multoutext_Madd3_xor<11>_rt
LUT1 		threesamplefilter_op/module2op_41/Mmult_multoutext_Madd3_xor<12>_rt
LUT1 		threesamplefilter_op/module2op_42/Mmult_multoutext_Madd3_xor<5>_rt
LUT1 		threesamplefilter_op/module2op_42/Mmult_multoutext_Madd3_xor<6>_rt
LUT1 		threesamplefilter_op/module2op_42/Mmult_multoutext_Madd3_xor<7>_rt
LUT1 		threesamplefilter_op/module2op_42/Mmult_multoutext_Madd3_xor<8>_rt
LUT1 		threesamplefilter_op/module2op_42/Mmult_multoutext_Madd3_xor<9>_rt
LUT1 		threesamplefilter_op/module2op_42/Mmult_multoutext_Madd3_xor<10>_rt
LUT1 		threesamplefilter_op/module2op_42/Mmult_multoutext_Madd3_xor<11>_rt
LUT1 		threesamplefilter_op/module2op_42/Mmult_multoutext_Madd3_xor<12>_rt
LUT1 		threesamplefilter_op/module2op_43/Mmult_multoutext_Madd3_xor<5>_rt
LUT1 		threesamplefilter_op/module2op_43/Mmult_multoutext_Madd3_xor<6>_rt
LUT1 		threesamplefilter_op/module2op_43/Mmult_multoutext_Madd3_xor<7>_rt
LUT1 		threesamplefilter_op/module2op_43/Mmult_multoutext_Madd3_xor<8>_rt
LUT1 		threesamplefilter_op/module2op_43/Mmult_multoutext_Madd3_xor<9>_rt
LUT1 		threesamplefilter_op/module2op_43/Mmult_multoutext_Madd3_xor<10>_rt
LUT1 		threesamplefilter_op/module2op_43/Mmult_multoutext_Madd3_xor<11>_rt
LUT1 		threesamplefilter_op/module2op_43/Mmult_multoutext_Madd3_xor<12>_rt
LUT1 		threesamplefilter_op/module2op_44/Mmult_multoutext_Madd3_xor<5>_rt
LUT1 		threesamplefilter_op/module2op_44/Mmult_multoutext_Madd3_xor<6>_rt
LUT1 		threesamplefilter_op/module2op_44/Mmult_multoutext_Madd3_xor<7>_rt
LUT1 		threesamplefilter_op/module2op_44/Mmult_multoutext_Madd3_xor<8>_rt
LUT1 		threesamplefilter_op/module2op_44/Mmult_multoutext_Madd3_xor<9>_rt
LUT1 		threesamplefilter_op/module2op_44/Mmult_multoutext_Madd3_xor<10>_rt
LUT1 		threesamplefilter_op/module2op_44/Mmult_multoutext_Madd3_xor<11>_rt
LUT1 		threesamplefilter_op/module2op_44/Mmult_multoutext_Madd3_xor<12>_rt
LUT1 		threesamplefilter_op/module2op_45/Mmult_multoutext_Madd3_xor<5>_rt
LUT1 		threesamplefilter_op/module2op_45/Mmult_multoutext_Madd3_xor<6>_rt
LUT1 		threesamplefilter_op/module2op_45/Mmult_multoutext_Madd3_xor<7>_rt
LUT1 		threesamplefilter_op/module2op_45/Mmult_multoutext_Madd3_xor<8>_rt
LUT1 		threesamplefilter_op/module2op_45/Mmult_multoutext_Madd3_xor<9>_rt
LUT1 		threesamplefilter_op/module2op_45/Mmult_multoutext_Madd3_xor<10>_rt
LUT1 		threesamplefilter_op/module2op_45/Mmult_multoutext_Madd3_xor<11>_rt
LUT1 		threesamplefilter_op/module2op_45/Mmult_multoutext_Madd3_xor<12>_rt
LUT1 		threesamplefilter_op/module2op_46/Mmult_multoutext_Madd3_xor<5>_rt
LUT1 		threesamplefilter_op/module2op_46/Mmult_multoutext_Madd3_xor<6>_rt
LUT1 		threesamplefilter_op/module2op_46/Mmult_multoutext_Madd3_xor<7>_rt
LUT1 		threesamplefilter_op/module2op_46/Mmult_multoutext_Madd3_xor<8>_rt
LUT1 		threesamplefilter_op/module2op_46/Mmult_multoutext_Madd3_xor<9>_rt
LUT1 		threesamplefilter_op/module2op_46/Mmult_multoutext_Madd3_xor<10>_rt
LUT1 		threesamplefilter_op/module2op_46/Mmult_multoutext_Madd3_xor<11>_rt
LUT1 		threesamplefilter_op/module2op_46/Mmult_multoutext_Madd3_xor<12>_rt
LUT1 		threesamplefilter_op/module2op_47/Mmult_multoutext_Madd3_xor<5>_rt
LUT1 		threesamplefilter_op/module2op_47/Mmult_multoutext_Madd3_xor<6>_rt
LUT1 		threesamplefilter_op/module2op_47/Mmult_multoutext_Madd3_xor<7>_rt
LUT1 		threesamplefilter_op/module2op_47/Mmult_multoutext_Madd3_xor<8>_rt
LUT1 		threesamplefilter_op/module2op_47/Mmult_multoutext_Madd3_xor<9>_rt
LUT1 		threesamplefilter_op/module2op_47/Mmult_multoutext_Madd3_xor<10>_rt
LUT1 		threesamplefilter_op/module2op_47/Mmult_multoutext_Madd3_xor<11>_rt
LUT1 		threesamplefilter_op/module2op_47/Mmult_multoutext_Madd3_xor<12>_rt
LUT1 		threesamplefilter_op/module2op_48/Mmult_multoutext_Madd3_xor<5>_rt
LUT1 		threesamplefilter_op/module2op_48/Mmult_multoutext_Madd3_xor<6>_rt
LUT1 		threesamplefilter_op/module2op_48/Mmult_multoutext_Madd3_xor<7>_rt
LUT1 		threesamplefilter_op/module2op_48/Mmult_multoutext_Madd3_xor<8>_rt
LUT1 		threesamplefilter_op/module2op_48/Mmult_multoutext_Madd3_xor<9>_rt
LUT1 		threesamplefilter_op/module2op_48/Mmult_multoutext_Madd3_xor<10>_rt
LUT1 		threesamplefilter_op/module2op_48/Mmult_multoutext_Madd3_xor<11>_rt
LUT1 		threesamplefilter_op/module2op_48/Mmult_multoutext_Madd3_xor<12>_rt
LUT1 		threesamplefilter_op/module2op_49/Mmult_multoutext_Madd3_xor<5>_rt
LUT1 		threesamplefilter_op/module2op_49/Mmult_multoutext_Madd3_xor<6>_rt
LUT1 		threesamplefilter_op/module2op_49/Mmult_multoutext_Madd3_xor<7>_rt
LUT1 		threesamplefilter_op/module2op_49/Mmult_multoutext_Madd3_xor<8>_rt
LUT1 		threesamplefilter_op/module2op_49/Mmult_multoutext_Madd3_xor<9>_rt
LUT1 		threesamplefilter_op/module2op_49/Mmult_multoutext_Madd3_xor<10>_rt
LUT1 		threesamplefilter_op/module2op_49/Mmult_multoutext_Madd3_xor<11>_rt
LUT1 		threesamplefilter_op/module2op_49/Mmult_multoutext_Madd3_xor<12>_rt
LUT1 		threesamplefilter_op/module2op_50/Mmult_multoutext_Madd3_xor<5>_rt
LUT1 		threesamplefilter_op/module2op_50/Mmult_multoutext_Madd3_xor<6>_rt
LUT1 		threesamplefilter_op/module2op_50/Mmult_multoutext_Madd3_xor<7>_rt
LUT1 		threesamplefilter_op/module2op_50/Mmult_multoutext_Madd3_xor<8>_rt
LUT1 		threesamplefilter_op/module2op_50/Mmult_multoutext_Madd3_xor<9>_rt
LUT1 		threesamplefilter_op/module2op_50/Mmult_multoutext_Madd3_xor<10>_rt
LUT1 		threesamplefilter_op/module2op_50/Mmult_multoutext_Madd3_xor<11>_rt
LUT1 		threesamplefilter_op/module2op_50/Mmult_multoutext_Madd3_xor<12>_rt
LUT1 		threesamplefilter_op/module2op_51/Mmult_multoutext_Madd3_xor<5>_rt
LUT1 		threesamplefilter_op/module2op_51/Mmult_multoutext_Madd3_xor<6>_rt
LUT1 		threesamplefilter_op/module2op_51/Mmult_multoutext_Madd3_xor<7>_rt
LUT1 		threesamplefilter_op/module2op_51/Mmult_multoutext_Madd3_xor<8>_rt
LUT1 		threesamplefilter_op/module2op_51/Mmult_multoutext_Madd3_xor<9>_rt
LUT1 		threesamplefilter_op/module2op_51/Mmult_multoutext_Madd3_xor<10>_rt
LUT1 		threesamplefilter_op/module2op_51/Mmult_multoutext_Madd3_xor<11>_rt
LUT1 		threesamplefilter_op/module2op_51/Mmult_multoutext_Madd3_xor<12>_rt
LUT1 		threesamplefilter_op/module2op_52/Mmult_multoutext_Madd3_xor<5>_rt
LUT1 		threesamplefilter_op/module2op_52/Mmult_multoutext_Madd3_xor<6>_rt
LUT1 		threesamplefilter_op/module2op_52/Mmult_multoutext_Madd3_xor<7>_rt
LUT1 		threesamplefilter_op/module2op_52/Mmult_multoutext_Madd3_xor<8>_rt
LUT1 		threesamplefilter_op/module2op_52/Mmult_multoutext_Madd3_xor<9>_rt
LUT1 		threesamplefilter_op/module2op_52/Mmult_multoutext_Madd3_xor<10>_rt
LUT1 		threesamplefilter_op/module2op_52/Mmult_multoutext_Madd3_xor<11>_rt
LUT1 		threesamplefilter_op/module2op_52/Mmult_multoutext_Madd3_xor<12>_rt
LUT1 		threesamplefilter_op/module2op_53/Mmult_multoutext_Madd3_xor<5>_rt
LUT1 		threesamplefilter_op/module2op_53/Mmult_multoutext_Madd3_xor<6>_rt
LUT1 		threesamplefilter_op/module2op_53/Mmult_multoutext_Madd3_xor<7>_rt
LUT1 		threesamplefilter_op/module2op_53/Mmult_multoutext_Madd3_xor<8>_rt
LUT1 		threesamplefilter_op/module2op_53/Mmult_multoutext_Madd3_xor<9>_rt
LUT1 		threesamplefilter_op/module2op_53/Mmult_multoutext_Madd3_xor<10>_rt
LUT1 		threesamplefilter_op/module2op_53/Mmult_multoutext_Madd3_xor<11>_rt
LUT1 		threesamplefilter_op/module2op_53/Mmult_multoutext_Madd3_xor<12>_rt
LUT1 		threesamplefilter_op/module2op_54/Mmult_multoutext_Madd3_xor<5>_rt
LUT1 		threesamplefilter_op/module2op_54/Mmult_multoutext_Madd3_xor<6>_rt
LUT1 		threesamplefilter_op/module2op_54/Mmult_multoutext_Madd3_xor<7>_rt
LUT1 		threesamplefilter_op/module2op_54/Mmult_multoutext_Madd3_xor<8>_rt
LUT1 		threesamplefilter_op/module2op_54/Mmult_multoutext_Madd3_xor<9>_rt
LUT1 		threesamplefilter_op/module2op_54/Mmult_multoutext_Madd3_xor<10>_rt
LUT1 		threesamplefilter_op/module2op_54/Mmult_multoutext_Madd3_xor<11>_rt
LUT1 		threesamplefilter_op/module2op_54/Mmult_multoutext_Madd3_xor<12>_rt
LUT1 		threesamplefilter_op/module2op_55/Mmult_multoutext_Madd3_xor<5>_rt
LUT1 		threesamplefilter_op/module2op_55/Mmult_multoutext_Madd3_xor<6>_rt
LUT1 		threesamplefilter_op/module2op_55/Mmult_multoutext_Madd3_xor<7>_rt
LUT1 		threesamplefilter_op/module2op_55/Mmult_multoutext_Madd3_xor<8>_rt
LUT1 		threesamplefilter_op/module2op_55/Mmult_multoutext_Madd3_xor<9>_rt
LUT1 		threesamplefilter_op/module2op_55/Mmult_multoutext_Madd3_xor<10>_rt
LUT1 		threesamplefilter_op/module2op_55/Mmult_multoutext_Madd3_xor<11>_rt
LUT1 		threesamplefilter_op/module2op_55/Mmult_multoutext_Madd3_xor<12>_rt
LUT1 		threesamplefilter_op/module2op_56/Mmult_multoutext_Madd3_xor<5>_rt
LUT1 		threesamplefilter_op/module2op_56/Mmult_multoutext_Madd3_xor<6>_rt
LUT1 		threesamplefilter_op/module2op_56/Mmult_multoutext_Madd3_xor<7>_rt
LUT1 		threesamplefilter_op/module2op_56/Mmult_multoutext_Madd3_xor<8>_rt
LUT1 		threesamplefilter_op/module2op_56/Mmult_multoutext_Madd3_xor<9>_rt
LUT1 		threesamplefilter_op/module2op_56/Mmult_multoutext_Madd3_xor<10>_rt
LUT1 		threesamplefilter_op/module2op_56/Mmult_multoutext_Madd3_xor<11>_rt
LUT1 		threesamplefilter_op/module2op_56/Mmult_multoutext_Madd3_xor<12>_rt
LUT1 		threesamplefilter_op/module2op_57/Mmult_multoutext_Madd3_xor<5>_rt
LUT1 		threesamplefilter_op/module2op_57/Mmult_multoutext_Madd3_xor<6>_rt
LUT1 		threesamplefilter_op/module2op_57/Mmult_multoutext_Madd3_xor<7>_rt
LUT1 		threesamplefilter_op/module2op_57/Mmult_multoutext_Madd3_xor<8>_rt
LUT1 		threesamplefilter_op/module2op_57/Mmult_multoutext_Madd3_xor<9>_rt
LUT1 		threesamplefilter_op/module2op_57/Mmult_multoutext_Madd3_xor<10>_rt
LUT1 		threesamplefilter_op/module2op_57/Mmult_multoutext_Madd3_xor<11>_rt
LUT1 		threesamplefilter_op/module2op_57/Mmult_multoutext_Madd3_xor<12>_rt
LUT1 		threesamplefilter_op/module2op_58/Mmult_multoutext_Madd3_xor<5>_rt
LUT1 		threesamplefilter_op/module2op_58/Mmult_multoutext_Madd3_xor<6>_rt
LUT1 		threesamplefilter_op/module2op_58/Mmult_multoutext_Madd3_xor<7>_rt
LUT1 		threesamplefilter_op/module2op_58/Mmult_multoutext_Madd3_xor<8>_rt
LUT1 		threesamplefilter_op/module2op_58/Mmult_multoutext_Madd3_xor<9>_rt
LUT1 		threesamplefilter_op/module2op_58/Mmult_multoutext_Madd3_xor<10>_rt
LUT1 		threesamplefilter_op/module2op_58/Mmult_multoutext_Madd3_xor<11>_rt
LUT1 		threesamplefilter_op/module2op_58/Mmult_multoutext_Madd3_xor<12>_rt
LUT1 		threesamplefilter_op/module2op_59/Mmult_multoutext_Madd3_xor<5>_rt
LUT1 		threesamplefilter_op/module2op_59/Mmult_multoutext_Madd3_xor<6>_rt
LUT1 		threesamplefilter_op/module2op_59/Mmult_multoutext_Madd3_xor<7>_rt
LUT1 		threesamplefilter_op/module2op_59/Mmult_multoutext_Madd3_xor<8>_rt
LUT1 		threesamplefilter_op/module2op_59/Mmult_multoutext_Madd3_xor<9>_rt
LUT1 		threesamplefilter_op/module2op_59/Mmult_multoutext_Madd3_xor<10>_rt
LUT1 		threesamplefilter_op/module2op_59/Mmult_multoutext_Madd3_xor<11>_rt
LUT1 		threesamplefilter_op/module2op_59/Mmult_multoutext_Madd3_xor<12>_rt
LUT1 		threesamplefilter_op/module2op_60/Mmult_multoutext_Madd3_xor<5>_rt
LUT1 		threesamplefilter_op/module2op_60/Mmult_multoutext_Madd3_xor<6>_rt
LUT1 		threesamplefilter_op/module2op_60/Mmult_multoutext_Madd3_xor<7>_rt
LUT1 		threesamplefilter_op/module2op_60/Mmult_multoutext_Madd3_xor<8>_rt
LUT1 		threesamplefilter_op/module2op_60/Mmult_multoutext_Madd3_xor<9>_rt
LUT1 		threesamplefilter_op/module2op_60/Mmult_multoutext_Madd3_xor<10>_rt
LUT1 		threesamplefilter_op/module2op_60/Mmult_multoutext_Madd3_xor<11>_rt
LUT1 		threesamplefilter_op/module2op_60/Mmult_multoutext_Madd3_xor<12>_rt
LUT1 		threesamplefilter_op/module2op_61/Mmult_multoutext_Madd3_xor<5>_rt
LUT1 		threesamplefilter_op/module2op_61/Mmult_multoutext_Madd3_xor<6>_rt
LUT1 		threesamplefilter_op/module2op_61/Mmult_multoutext_Madd3_xor<7>_rt
LUT1 		threesamplefilter_op/module2op_61/Mmult_multoutext_Madd3_xor<8>_rt
LUT1 		threesamplefilter_op/module2op_61/Mmult_multoutext_Madd3_xor<9>_rt
LUT1 		threesamplefilter_op/module2op_61/Mmult_multoutext_Madd3_xor<10>_rt
LUT1 		threesamplefilter_op/module2op_61/Mmult_multoutext_Madd3_xor<11>_rt
LUT1 		threesamplefilter_op/module2op_61/Mmult_multoutext_Madd3_xor<12>_rt
LUT1 		threesamplefilter_op/module2op_62/Mmult_multoutext_Madd3_xor<5>_rt
LUT1 		threesamplefilter_op/module2op_62/Mmult_multoutext_Madd3_xor<6>_rt
LUT1 		threesamplefilter_op/module2op_62/Mmult_multoutext_Madd3_xor<7>_rt
LUT1 		threesamplefilter_op/module2op_62/Mmult_multoutext_Madd3_xor<8>_rt
LUT1 		threesamplefilter_op/module2op_62/Mmult_multoutext_Madd3_xor<9>_rt
LUT1 		threesamplefilter_op/module2op_62/Mmult_multoutext_Madd3_xor<10>_rt
LUT1 		threesamplefilter_op/module2op_62/Mmult_multoutext_Madd3_xor<11>_rt
LUT1 		threesamplefilter_op/module2op_62/Mmult_multoutext_Madd3_xor<12>_rt
