Release 14.7 Map P.20131013 (lin64)
Xilinx Mapping Report File for Design 'threesamplefilter'

Design Information
------------------
Command Line   : map -timing -ol high -detail -pr b -register_duplication -w -o
causalFirFilter_tmp.ncd -smartguide smartguide.ncd causalFirFilter.ngd 
Target Device  : xc3s100e
Target Package : cp132
Target Speed   : -5
Mapper Version : spartan3e -- $Revision: 1.55 $
Mapped Date    : Tue May  9 15:35:08 2017

Interim Summary
---------------
Logic Utilization:
  Number of Slice Flip Flops:           126 out of   1,920    6%
  Number of 4 input LUTs:             2,656 out of   1,920  138% (OVERMAPPED)
Logic Distribution:
    Number of Slices containing only related logic:   2,288 out of   2,288 100%
    Number of Slices containing unrelated logic:          0 out of   2,288   0%
      *See NOTES below for an explanation of the effects of unrelated logic.
  Total Number of 4 input LUTs:       3,790 out of   1,920  197% (OVERMAPPED)
    Number used as logic:             2,656
    Number used as a route-thru:      1,134

  The Slice Logic Distribution report is not meaningful if the design is
  over-mapped for a non-slice resource or if Placement fails.

  Number of bonded IOBs:                 17 out of      83   20%
    IOB Flip Flops:                       1
  Number of BUFGMUXs:                     1 out of      24    4%


Design Summary
--------------
Number of errors   :   1
Number of warnings :   2

Section 1 - Errors
------------------
ERROR:Map:237 - The design is too large to fit the device.  Please check the
   Design Summary section to see which resource requirement for your design
   exceeds the resources available in the device. Note that the number of slices
   reported may not be reflected accurately as their packing might not have been
   completed.

Section 2 - Warnings
--------------------
WARNING:Map:34 - Speed grade not specified.  Using default "-5".
WARNING:Map:267 - There will be a smaller percentage of guiding when using
   SmartGuide with the some of the physical synthesis options. These options
   include:
   "Combinatorial Logic Optimization"(-logic_opt),"Global
   Optimization"(-global_opt), and "Register
   Duplication"(-register_duplication).

   The command line used to create the guide file is:
   -timing -ol high -detail -pr b -register_duplication -w -o
   causalFirFilter_tmp.ncd causalFirFilter.ngd 

   The command line used for this run is:
   -timing -ol high -detail -pr b -register_duplication -w -o
   causalFirFilter_tmp.ncd -smartguide smartguide.ncd causalFirFilter.ngd 

   If one or more of the above physical synthesis options is being used,
   SmartGuide will have a lower guide percentage, possibly longer runtimes and
   possibly worse timing scores. If the physical synthesis option is required to
   meet timing, it is suggested that SmartGuide is not used. If the physical
   synthesis option is not required, it is suggested to re-create the guide
   without the physical synthesis option and re-run SmartGuide

Section 3 - Informational
-------------------------
INFO:LIT:243 - Logical network input<6>_IBUF has no load.
INFO:LIT:243 - Logical network input<5>_IBUF has no load.
INFO:LIT:243 - Logical network input<4>_IBUF has no load.
INFO:LIT:243 - Logical network input<3>_IBUF has no load.
INFO:LIT:243 - Logical network input<2>_IBUF has no load.
INFO:LIT:243 - Logical network input<1>_IBUF has no load.
INFO:LIT:243 - Logical network input<0>_IBUF has no load.
INFO:MapLib:562 - No environment variables are currently set.
INFO:MapLib:980 - The following NGM file is used during SmartGuide:
   "causalFirFilter_tmp.ngm". The NGM file contains information on how the guide
   file was originally mapped. It is required for the best SmartGuide results.
INFO:MapLib:930 - 23.21% of the input design components match those in the guide
   design. SmartGuide will continue but guiding results are better when the
   differences are less than 30%.
INFO:LIT:244 - All of the single ended outputs in this design are using slew
   rate limited output drivers. The delay on speed critical single ended outputs
   can be dramatically reduced by designating them as fast outputs.

Section 4 - Removed Logic Summary
---------------------------------
 128 block(s) optimized away
1260 Block(s) redundant

Section 5 - Removed Logic
-------------------------

Optimized Block(s):
TYPE 		BLOCK
GND 		XST_GND
VCC 		XST_VCC
MUXCY 		module2op_1/Mmult_multoutext_Madd7_cy<7>
MUXCY 		module2op_10/Mmult_multoutext_Madd7_cy<7>
MUXCY 		module2op_100/Mmult_multoutext_Madd7_cy<7>
MUXCY 		module2op_101/Mmult_multoutext_Madd7_cy<7>
MUXCY 		module2op_102/Mmult_multoutext_Madd7_cy<7>
MUXCY 		module2op_103/Mmult_multoutext_Madd7_cy<7>
MUXCY 		module2op_104/Mmult_multoutext_Madd7_cy<7>
MUXCY 		module2op_105/Mmult_multoutext_Madd7_cy<7>
MUXCY 		module2op_106/Mmult_multoutext_Madd7_cy<7>
MUXCY 		module2op_107/Mmult_multoutext_Madd7_cy<7>
MUXCY 		module2op_108/Mmult_multoutext_Madd7_cy<7>
MUXCY 		module2op_109/Mmult_multoutext_Madd7_cy<7>
MUXCY 		module2op_11/Mmult_multoutext_Madd7_cy<7>
MUXCY 		module2op_110/Mmult_multoutext_Madd7_cy<7>
MUXCY 		module2op_111/Mmult_multoutext_Madd7_cy<7>
MUXCY 		module2op_112/Mmult_multoutext_Madd7_cy<7>
MUXCY 		module2op_113/Mmult_multoutext_Madd7_cy<7>
MUXCY 		module2op_114/Mmult_multoutext_Madd7_cy<7>
MUXCY 		module2op_115/Mmult_multoutext_Madd7_cy<7>
MUXCY 		module2op_116/Mmult_multoutext_Madd7_cy<7>
MUXCY 		module2op_117/Mmult_multoutext_Madd7_cy<7>
MUXCY 		module2op_118/Mmult_multoutext_Madd7_cy<7>
MUXCY 		module2op_119/Mmult_multoutext_Madd7_cy<7>
MUXCY 		module2op_12/Mmult_multoutext_Madd7_cy<7>
MUXCY 		module2op_120/Mmult_multoutext_Madd7_cy<7>
MUXCY 		module2op_121/Mmult_multoutext_Madd7_cy<7>
MUXCY 		module2op_122/Mmult_multoutext_Madd7_cy<7>
MUXCY 		module2op_123/Mmult_multoutext_Madd7_cy<7>
MUXCY 		module2op_124/Mmult_multoutext_Madd7_cy<7>
MUXCY 		module2op_125/Mmult_multoutext_Madd7_cy<7>
MUXCY 		module2op_126/Mmult_multoutext_Madd7_cy<7>
MUXCY 		module2op_13/Mmult_multoutext_Madd7_cy<7>
MUXCY 		module2op_14/Mmult_multoutext_Madd7_cy<7>
MUXCY 		module2op_15/Mmult_multoutext_Madd7_cy<7>
MUXCY 		module2op_16/Mmult_multoutext_Madd7_cy<7>
MUXCY 		module2op_17/Mmult_multoutext_Madd7_cy<7>
MUXCY 		module2op_18/Mmult_multoutext_Madd7_cy<7>
MUXCY 		module2op_19/Mmult_multoutext_Madd7_cy<7>
MUXCY 		module2op_2/Mmult_multoutext_Madd7_cy<7>
MUXCY 		module2op_20/Mmult_multoutext_Madd7_cy<7>
MUXCY 		module2op_21/Mmult_multoutext_Madd7_cy<7>
MUXCY 		module2op_22/Mmult_multoutext_Madd7_cy<7>
MUXCY 		module2op_23/Mmult_multoutext_Madd7_cy<7>
MUXCY 		module2op_24/Mmult_multoutext_Madd7_cy<7>
MUXCY 		module2op_25/Mmult_multoutext_Madd7_cy<7>
MUXCY 		module2op_26/Mmult_multoutext_Madd7_cy<7>
MUXCY 		module2op_27/Mmult_multoutext_Madd7_cy<7>
MUXCY 		module2op_28/Mmult_multoutext_Madd7_cy<7>
MUXCY 		module2op_29/Mmult_multoutext_Madd7_cy<7>
MUXCY 		module2op_3/Mmult_multoutext_Madd7_cy<7>
MUXCY 		module2op_30/Mmult_multoutext_Madd7_cy<7>
MUXCY 		module2op_31/Mmult_multoutext_Madd7_cy<7>
MUXCY 		module2op_32/Mmult_multoutext_Madd7_cy<7>
MUXCY 		module2op_33/Mmult_multoutext_Madd7_cy<7>
MUXCY 		module2op_34/Mmult_multoutext_Madd7_cy<7>
MUXCY 		module2op_35/Mmult_multoutext_Madd7_cy<7>
MUXCY 		module2op_36/Mmult_multoutext_Madd7_cy<7>
MUXCY 		module2op_37/Mmult_multoutext_Madd7_cy<7>
MUXCY 		module2op_38/Mmult_multoutext_Madd7_cy<7>
MUXCY 		module2op_39/Mmult_multoutext_Madd7_cy<7>
MUXCY 		module2op_4/Mmult_multoutext_Madd7_cy<7>
MUXCY 		module2op_40/Mmult_multoutext_Madd7_cy<7>
MUXCY 		module2op_41/Mmult_multoutext_Madd7_cy<7>
MUXCY 		module2op_42/Mmult_multoutext_Madd7_cy<7>
MUXCY 		module2op_43/Mmult_multoutext_Madd7_cy<7>
MUXCY 		module2op_44/Mmult_multoutext_Madd7_cy<7>
MUXCY 		module2op_45/Mmult_multoutext_Madd7_cy<7>
MUXCY 		module2op_46/Mmult_multoutext_Madd7_cy<7>
MUXCY 		module2op_47/Mmult_multoutext_Madd7_cy<7>
MUXCY 		module2op_48/Mmult_multoutext_Madd7_cy<7>
MUXCY 		module2op_49/Mmult_multoutext_Madd7_cy<7>
MUXCY 		module2op_5/Mmult_multoutext_Madd7_cy<7>
MUXCY 		module2op_50/Mmult_multoutext_Madd7_cy<7>
MUXCY 		module2op_51/Mmult_multoutext_Madd7_cy<7>
MUXCY 		module2op_52/Mmult_multoutext_Madd7_cy<7>
MUXCY 		module2op_53/Mmult_multoutext_Madd7_cy<7>
MUXCY 		module2op_54/Mmult_multoutext_Madd7_cy<7>
MUXCY 		module2op_55/Mmult_multoutext_Madd7_cy<7>
MUXCY 		module2op_56/Mmult_multoutext_Madd7_cy<7>
MUXCY 		module2op_57/Mmult_multoutext_Madd7_cy<7>
MUXCY 		module2op_58/Mmult_multoutext_Madd7_cy<7>
MUXCY 		module2op_59/Mmult_multoutext_Madd7_cy<7>
MUXCY 		module2op_6/Mmult_multoutext_Madd7_cy<7>
MUXCY 		module2op_60/Mmult_multoutext_Madd7_cy<7>
MUXCY 		module2op_61/Mmult_multoutext_Madd7_cy<7>
MUXCY 		module2op_62/Mmult_multoutext_Madd7_cy<7>
MUXCY 		module2op_63/Mmult_multoutext_Madd7_cy<7>
MUXCY 		module2op_64/Mmult_multoutext_Madd7_cy<7>
MUXCY 		module2op_65/Mmult_multoutext_Madd7_cy<7>
MUXCY 		module2op_66/Mmult_multoutext_Madd7_cy<7>
MUXCY 		module2op_67/Mmult_multoutext_Madd7_cy<7>
MUXCY 		module2op_68/Mmult_multoutext_Madd7_cy<7>
MUXCY 		module2op_69/Mmult_multoutext_Madd7_cy<7>
MUXCY 		module2op_7/Mmult_multoutext_Madd7_cy<7>
MUXCY 		module2op_70/Mmult_multoutext_Madd7_cy<7>
MUXCY 		module2op_71/Mmult_multoutext_Madd7_cy<7>
MUXCY 		module2op_72/Mmult_multoutext_Madd7_cy<7>
MUXCY 		module2op_73/Mmult_multoutext_Madd7_cy<7>
MUXCY 		module2op_74/Mmult_multoutext_Madd7_cy<7>
MUXCY 		module2op_75/Mmult_multoutext_Madd7_cy<7>
MUXCY 		module2op_76/Mmult_multoutext_Madd7_cy<7>
MUXCY 		module2op_77/Mmult_multoutext_Madd7_cy<7>
MUXCY 		module2op_78/Mmult_multoutext_Madd7_cy<7>
MUXCY 		module2op_79/Mmult_multoutext_Madd7_cy<7>
MUXCY 		module2op_8/Mmult_multoutext_Madd7_cy<7>
MUXCY 		module2op_80/Mmult_multoutext_Madd7_cy<7>
MUXCY 		module2op_81/Mmult_multoutext_Madd7_cy<7>
MUXCY 		module2op_82/Mmult_multoutext_Madd7_cy<7>
MUXCY 		module2op_83/Mmult_multoutext_Madd7_cy<7>
MUXCY 		module2op_84/Mmult_multoutext_Madd7_cy<7>
MUXCY 		module2op_85/Mmult_multoutext_Madd7_cy<7>
MUXCY 		module2op_86/Mmult_multoutext_Madd7_cy<7>
MUXCY 		module2op_87/Mmult_multoutext_Madd7_cy<7>
MUXCY 		module2op_88/Mmult_multoutext_Madd7_cy<7>
MUXCY 		module2op_89/Mmult_multoutext_Madd7_cy<7>
MUXCY 		module2op_9/Mmult_multoutext_Madd7_cy<7>
MUXCY 		module2op_90/Mmult_multoutext_Madd7_cy<7>
MUXCY 		module2op_91/Mmult_multoutext_Madd7_cy<7>
MUXCY 		module2op_92/Mmult_multoutext_Madd7_cy<7>
MUXCY 		module2op_93/Mmult_multoutext_Madd7_cy<7>
MUXCY 		module2op_94/Mmult_multoutext_Madd7_cy<7>
MUXCY 		module2op_95/Mmult_multoutext_Madd7_cy<7>
MUXCY 		module2op_96/Mmult_multoutext_Madd7_cy<7>
MUXCY 		module2op_97/Mmult_multoutext_Madd7_cy<7>
MUXCY 		module2op_98/Mmult_multoutext_Madd7_cy<7>
MUXCY 		module2op_99/Mmult_multoutext_Madd7_cy<7>

Redundant Block(s):
TYPE 		BLOCK
LUT1 		module2op_126/Mmult_multoutext_Madd7_cy<13>_rt
LUT1 		module2op_126/Mmult_multoutext_Madd7_cy<12>_rt
LUT1 		module2op_126/Mmult_multoutext_Madd7_cy<11>_rt
LUT1 		module2op_126/Mmult_multoutext_Madd7_cy<10>_rt
LUT1 		module2op_126/Mmult_multoutext_Madd7_cy<9>_rt
LUT1 		module2op_126/Mmult_multoutext_Madd7_cy<8>_rt
LUT1 		module2op_126/Mmult_multoutext_Madd7_cy<7>_rt
XORCY 		module2op_126/Mmult_multoutext_Madd7_xor<7>
LUT1 		module2op_126/Mmult_multoutext_Madd6_cy<7>_rt
LUT1 		module2op_125/Mmult_multoutext_Madd7_cy<13>_rt
LUT1 		module2op_125/Mmult_multoutext_Madd7_cy<12>_rt
LUT1 		module2op_125/Mmult_multoutext_Madd7_cy<11>_rt
LUT1 		module2op_125/Mmult_multoutext_Madd7_cy<10>_rt
LUT1 		module2op_125/Mmult_multoutext_Madd7_cy<9>_rt
LUT1 		module2op_125/Mmult_multoutext_Madd7_cy<8>_rt
LUT1 		module2op_125/Mmult_multoutext_Madd7_cy<7>_rt
XORCY 		module2op_125/Mmult_multoutext_Madd7_xor<7>
LUT1 		module2op_125/Mmult_multoutext_Madd6_cy<7>_rt
LUT1 		module2op_124/Mmult_multoutext_Madd7_cy<13>_rt
LUT1 		module2op_124/Mmult_multoutext_Madd7_cy<12>_rt
LUT1 		module2op_124/Mmult_multoutext_Madd7_cy<11>_rt
LUT1 		module2op_124/Mmult_multoutext_Madd7_cy<10>_rt
LUT1 		module2op_124/Mmult_multoutext_Madd7_cy<9>_rt
LUT1 		module2op_124/Mmult_multoutext_Madd7_cy<8>_rt
LUT1 		module2op_124/Mmult_multoutext_Madd7_cy<7>_rt
XORCY 		module2op_124/Mmult_multoutext_Madd7_xor<7>
LUT1 		module2op_124/Mmult_multoutext_Madd6_cy<7>_rt
LUT1 		module2op_123/Mmult_multoutext_Madd7_cy<13>_rt
LUT1 		module2op_123/Mmult_multoutext_Madd7_cy<12>_rt
LUT1 		module2op_123/Mmult_multoutext_Madd7_cy<11>_rt
LUT1 		module2op_123/Mmult_multoutext_Madd7_cy<10>_rt
LUT1 		module2op_123/Mmult_multoutext_Madd7_cy<9>_rt
LUT1 		module2op_123/Mmult_multoutext_Madd7_cy<8>_rt
LUT1 		module2op_123/Mmult_multoutext_Madd7_cy<7>_rt
XORCY 		module2op_123/Mmult_multoutext_Madd7_xor<7>
LUT1 		module2op_123/Mmult_multoutext_Madd6_cy<7>_rt
LUT1 		module2op_122/Mmult_multoutext_Madd7_cy<13>_rt
LUT1 		module2op_122/Mmult_multoutext_Madd7_cy<12>_rt
LUT1 		module2op_122/Mmult_multoutext_Madd7_cy<11>_rt
LUT1 		module2op_122/Mmult_multoutext_Madd7_cy<10>_rt
LUT1 		module2op_122/Mmult_multoutext_Madd7_cy<9>_rt
LUT1 		module2op_122/Mmult_multoutext_Madd7_cy<8>_rt
LUT1 		module2op_122/Mmult_multoutext_Madd7_cy<7>_rt
XORCY 		module2op_122/Mmult_multoutext_Madd7_xor<7>
LUT1 		module2op_122/Mmult_multoutext_Madd6_cy<7>_rt
LUT1 		module2op_121/Mmult_multoutext_Madd7_cy<13>_rt
LUT1 		module2op_121/Mmult_multoutext_Madd7_cy<12>_rt
LUT1 		module2op_121/Mmult_multoutext_Madd7_cy<11>_rt
LUT1 		module2op_121/Mmult_multoutext_Madd7_cy<10>_rt
LUT1 		module2op_121/Mmult_multoutext_Madd7_cy<9>_rt
LUT1 		module2op_121/Mmult_multoutext_Madd7_cy<8>_rt
LUT1 		module2op_121/Mmult_multoutext_Madd7_cy<7>_rt
XORCY 		module2op_121/Mmult_multoutext_Madd7_xor<7>
LUT1 		module2op_121/Mmult_multoutext_Madd6_cy<7>_rt
LUT1 		module2op_120/Mmult_multoutext_Madd7_cy<13>_rt
LUT1 		module2op_120/Mmult_multoutext_Madd7_cy<12>_rt
LUT1 		module2op_120/Mmult_multoutext_Madd7_cy<11>_rt
LUT1 		module2op_120/Mmult_multoutext_Madd7_cy<10>_rt
LUT1 		module2op_120/Mmult_multoutext_Madd7_cy<9>_rt
LUT1 		module2op_120/Mmult_multoutext_Madd7_cy<8>_rt
LUT1 		module2op_120/Mmult_multoutext_Madd7_cy<7>_rt
XORCY 		module2op_120/Mmult_multoutext_Madd7_xor<7>
LUT1 		module2op_120/Mmult_multoutext_Madd6_cy<7>_rt
LUT1 		module2op_119/Mmult_multoutext_Madd7_cy<13>_rt
LUT1 		module2op_119/Mmult_multoutext_Madd7_cy<12>_rt
LUT1 		module2op_119/Mmult_multoutext_Madd7_cy<11>_rt
LUT1 		module2op_119/Mmult_multoutext_Madd7_cy<10>_rt
LUT1 		module2op_119/Mmult_multoutext_Madd7_cy<9>_rt
LUT1 		module2op_119/Mmult_multoutext_Madd7_cy<8>_rt
LUT1 		module2op_119/Mmult_multoutext_Madd7_cy<7>_rt
XORCY 		module2op_119/Mmult_multoutext_Madd7_xor<7>
LUT1 		module2op_119/Mmult_multoutext_Madd6_cy<7>_rt
LUT1 		module2op_118/Mmult_multoutext_Madd7_cy<13>_rt
LUT1 		module2op_118/Mmult_multoutext_Madd7_cy<12>_rt
LUT1 		module2op_118/Mmult_multoutext_Madd7_cy<11>_rt
LUT1 		module2op_118/Mmult_multoutext_Madd7_cy<10>_rt
LUT1 		module2op_118/Mmult_multoutext_Madd7_cy<9>_rt
LUT1 		module2op_118/Mmult_multoutext_Madd7_cy<8>_rt
LUT1 		module2op_118/Mmult_multoutext_Madd7_cy<7>_rt
XORCY 		module2op_118/Mmult_multoutext_Madd7_xor<7>
LUT1 		module2op_118/Mmult_multoutext_Madd6_cy<7>_rt
LUT1 		module2op_117/Mmult_multoutext_Madd7_cy<13>_rt
LUT1 		module2op_117/Mmult_multoutext_Madd7_cy<12>_rt
LUT1 		module2op_117/Mmult_multoutext_Madd7_cy<11>_rt
LUT1 		module2op_117/Mmult_multoutext_Madd7_cy<10>_rt
LUT1 		module2op_117/Mmult_multoutext_Madd7_cy<9>_rt
LUT1 		module2op_117/Mmult_multoutext_Madd7_cy<8>_rt
LUT1 		module2op_117/Mmult_multoutext_Madd7_cy<7>_rt
XORCY 		module2op_117/Mmult_multoutext_Madd7_xor<7>
LUT1 		module2op_117/Mmult_multoutext_Madd6_cy<7>_rt
LUT1 		module2op_116/Mmult_multoutext_Madd7_cy<13>_rt
LUT1 		module2op_116/Mmult_multoutext_Madd7_cy<12>_rt
LUT1 		module2op_116/Mmult_multoutext_Madd7_cy<11>_rt
LUT1 		module2op_116/Mmult_multoutext_Madd7_cy<10>_rt
LUT1 		module2op_116/Mmult_multoutext_Madd7_cy<9>_rt
LUT1 		module2op_116/Mmult_multoutext_Madd7_cy<8>_rt
LUT1 		module2op_116/Mmult_multoutext_Madd7_cy<7>_rt
XORCY 		module2op_116/Mmult_multoutext_Madd7_xor<7>
LUT1 		module2op_116/Mmult_multoutext_Madd6_cy<7>_rt
LUT1 		module2op_115/Mmult_multoutext_Madd7_cy<13>_rt
LUT1 		module2op_115/Mmult_multoutext_Madd7_cy<12>_rt
LUT1 		module2op_115/Mmult_multoutext_Madd7_cy<11>_rt
LUT1 		module2op_115/Mmult_multoutext_Madd7_cy<10>_rt
LUT1 		module2op_115/Mmult_multoutext_Madd7_cy<9>_rt
LUT1 		module2op_115/Mmult_multoutext_Madd7_cy<8>_rt
LUT1 		module2op_115/Mmult_multoutext_Madd7_cy<7>_rt
XORCY 		module2op_115/Mmult_multoutext_Madd7_xor<7>
LUT1 		module2op_115/Mmult_multoutext_Madd6_cy<7>_rt
LUT1 		module2op_114/Mmult_multoutext_Madd7_cy<13>_rt
LUT1 		module2op_114/Mmult_multoutext_Madd7_cy<12>_rt
LUT1 		module2op_114/Mmult_multoutext_Madd7_cy<11>_rt
LUT1 		module2op_114/Mmult_multoutext_Madd7_cy<10>_rt
LUT1 		module2op_114/Mmult_multoutext_Madd7_cy<9>_rt
LUT1 		module2op_114/Mmult_multoutext_Madd7_cy<8>_rt
LUT1 		module2op_114/Mmult_multoutext_Madd7_cy<7>_rt
XORCY 		module2op_114/Mmult_multoutext_Madd7_xor<7>
LUT1 		module2op_114/Mmult_multoutext_Madd6_cy<7>_rt
LUT1 		module2op_113/Mmult_multoutext_Madd7_cy<13>_rt
LUT1 		module2op_113/Mmult_multoutext_Madd7_cy<12>_rt
LUT1 		module2op_113/Mmult_multoutext_Madd7_cy<11>_rt
LUT1 		module2op_113/Mmult_multoutext_Madd7_cy<10>_rt
LUT1 		module2op_113/Mmult_multoutext_Madd7_cy<9>_rt
LUT1 		module2op_113/Mmult_multoutext_Madd7_cy<8>_rt
LUT1 		module2op_113/Mmult_multoutext_Madd7_cy<7>_rt
XORCY 		module2op_113/Mmult_multoutext_Madd7_xor<7>
LUT1 		module2op_113/Mmult_multoutext_Madd6_cy<7>_rt
LUT1 		module2op_112/Mmult_multoutext_Madd7_cy<13>_rt
LUT1 		module2op_112/Mmult_multoutext_Madd7_cy<12>_rt
LUT1 		module2op_112/Mmult_multoutext_Madd7_cy<11>_rt
LUT1 		module2op_112/Mmult_multoutext_Madd7_cy<10>_rt
LUT1 		module2op_112/Mmult_multoutext_Madd7_cy<9>_rt
LUT1 		module2op_112/Mmult_multoutext_Madd7_cy<8>_rt
LUT1 		module2op_112/Mmult_multoutext_Madd7_cy<7>_rt
XORCY 		module2op_112/Mmult_multoutext_Madd7_xor<7>
LUT1 		module2op_112/Mmult_multoutext_Madd6_cy<7>_rt
LUT1 		module2op_111/Mmult_multoutext_Madd7_cy<13>_rt
LUT1 		module2op_111/Mmult_multoutext_Madd7_cy<12>_rt
LUT1 		module2op_111/Mmult_multoutext_Madd7_cy<11>_rt
LUT1 		module2op_111/Mmult_multoutext_Madd7_cy<10>_rt
LUT1 		module2op_111/Mmult_multoutext_Madd7_cy<9>_rt
LUT1 		module2op_111/Mmult_multoutext_Madd7_cy<8>_rt
LUT1 		module2op_111/Mmult_multoutext_Madd7_cy<7>_rt
XORCY 		module2op_111/Mmult_multoutext_Madd7_xor<7>
LUT1 		module2op_111/Mmult_multoutext_Madd6_cy<7>_rt
LUT1 		module2op_110/Mmult_multoutext_Madd7_cy<13>_rt
LUT1 		module2op_110/Mmult_multoutext_Madd7_cy<12>_rt
LUT1 		module2op_110/Mmult_multoutext_Madd7_cy<11>_rt
LUT1 		module2op_110/Mmult_multoutext_Madd7_cy<10>_rt
LUT1 		module2op_110/Mmult_multoutext_Madd7_cy<9>_rt
LUT1 		module2op_110/Mmult_multoutext_Madd7_cy<8>_rt
LUT1 		module2op_110/Mmult_multoutext_Madd7_cy<7>_rt
XORCY 		module2op_110/Mmult_multoutext_Madd7_xor<7>
LUT1 		module2op_110/Mmult_multoutext_Madd6_cy<7>_rt
LUT1 		module2op_109/Mmult_multoutext_Madd7_cy<13>_rt
LUT1 		module2op_109/Mmult_multoutext_Madd7_cy<12>_rt
LUT1 		module2op_109/Mmult_multoutext_Madd7_cy<11>_rt
LUT1 		module2op_109/Mmult_multoutext_Madd7_cy<10>_rt
LUT1 		module2op_109/Mmult_multoutext_Madd7_cy<9>_rt
LUT1 		module2op_109/Mmult_multoutext_Madd7_cy<8>_rt
LUT1 		module2op_109/Mmult_multoutext_Madd7_cy<7>_rt
XORCY 		module2op_109/Mmult_multoutext_Madd7_xor<7>
LUT1 		module2op_109/Mmult_multoutext_Madd6_cy<7>_rt
LUT1 		module2op_108/Mmult_multoutext_Madd7_cy<13>_rt
LUT1 		module2op_108/Mmult_multoutext_Madd7_cy<12>_rt
LUT1 		module2op_108/Mmult_multoutext_Madd7_cy<11>_rt
LUT1 		module2op_108/Mmult_multoutext_Madd7_cy<10>_rt
LUT1 		module2op_108/Mmult_multoutext_Madd7_cy<9>_rt
LUT1 		module2op_108/Mmult_multoutext_Madd7_cy<8>_rt
LUT1 		module2op_108/Mmult_multoutext_Madd7_cy<7>_rt
XORCY 		module2op_108/Mmult_multoutext_Madd7_xor<7>
LUT1 		module2op_108/Mmult_multoutext_Madd6_cy<7>_rt
LUT1 		module2op_107/Mmult_multoutext_Madd7_cy<13>_rt
LUT1 		module2op_107/Mmult_multoutext_Madd7_cy<12>_rt
LUT1 		module2op_107/Mmult_multoutext_Madd7_cy<11>_rt
LUT1 		module2op_107/Mmult_multoutext_Madd7_cy<10>_rt
LUT1 		module2op_107/Mmult_multoutext_Madd7_cy<9>_rt
LUT1 		module2op_107/Mmult_multoutext_Madd7_cy<8>_rt
LUT1 		module2op_107/Mmult_multoutext_Madd7_cy<7>_rt
XORCY 		module2op_107/Mmult_multoutext_Madd7_xor<7>
LUT1 		module2op_107/Mmult_multoutext_Madd6_cy<7>_rt
LUT1 		module2op_106/Mmult_multoutext_Madd7_cy<13>_rt
LUT1 		module2op_106/Mmult_multoutext_Madd7_cy<12>_rt
LUT1 		module2op_106/Mmult_multoutext_Madd7_cy<11>_rt
LUT1 		module2op_106/Mmult_multoutext_Madd7_cy<10>_rt
LUT1 		module2op_106/Mmult_multoutext_Madd7_cy<9>_rt
LUT1 		module2op_106/Mmult_multoutext_Madd7_cy<8>_rt
LUT1 		module2op_106/Mmult_multoutext_Madd7_cy<7>_rt
XORCY 		module2op_106/Mmult_multoutext_Madd7_xor<7>
LUT1 		module2op_106/Mmult_multoutext_Madd6_cy<7>_rt
LUT1 		module2op_105/Mmult_multoutext_Madd7_cy<13>_rt
LUT1 		module2op_105/Mmult_multoutext_Madd7_cy<12>_rt
LUT1 		module2op_105/Mmult_multoutext_Madd7_cy<11>_rt
LUT1 		module2op_105/Mmult_multoutext_Madd7_cy<10>_rt
LUT1 		module2op_105/Mmult_multoutext_Madd7_cy<9>_rt
LUT1 		module2op_105/Mmult_multoutext_Madd7_cy<8>_rt
LUT1 		module2op_105/Mmult_multoutext_Madd7_cy<7>_rt
XORCY 		module2op_105/Mmult_multoutext_Madd7_xor<7>
LUT1 		module2op_105/Mmult_multoutext_Madd6_cy<7>_rt
LUT1 		module2op_104/Mmult_multoutext_Madd7_cy<13>_rt
LUT1 		module2op_104/Mmult_multoutext_Madd7_cy<12>_rt
LUT1 		module2op_104/Mmult_multoutext_Madd7_cy<11>_rt
LUT1 		module2op_104/Mmult_multoutext_Madd7_cy<10>_rt
LUT1 		module2op_104/Mmult_multoutext_Madd7_cy<9>_rt
LUT1 		module2op_104/Mmult_multoutext_Madd7_cy<8>_rt
LUT1 		module2op_104/Mmult_multoutext_Madd7_cy<7>_rt
XORCY 		module2op_104/Mmult_multoutext_Madd7_xor<7>
LUT1 		module2op_104/Mmult_multoutext_Madd6_cy<7>_rt
LUT1 		module2op_103/Mmult_multoutext_Madd7_cy<13>_rt
LUT1 		module2op_103/Mmult_multoutext_Madd7_cy<12>_rt
LUT1 		module2op_103/Mmult_multoutext_Madd7_cy<11>_rt
LUT1 		module2op_103/Mmult_multoutext_Madd7_cy<10>_rt
LUT1 		module2op_103/Mmult_multoutext_Madd7_cy<9>_rt
LUT1 		module2op_103/Mmult_multoutext_Madd7_cy<8>_rt
LUT1 		module2op_103/Mmult_multoutext_Madd7_cy<7>_rt
XORCY 		module2op_103/Mmult_multoutext_Madd7_xor<7>
LUT1 		module2op_103/Mmult_multoutext_Madd6_cy<7>_rt
LUT1 		module2op_102/Mmult_multoutext_Madd7_cy<13>_rt
LUT1 		module2op_102/Mmult_multoutext_Madd7_cy<12>_rt
LUT1 		module2op_102/Mmult_multoutext_Madd7_cy<11>_rt
LUT1 		module2op_102/Mmult_multoutext_Madd7_cy<10>_rt
LUT1 		module2op_102/Mmult_multoutext_Madd7_cy<9>_rt
LUT1 		module2op_102/Mmult_multoutext_Madd7_cy<8>_rt
LUT1 		module2op_102/Mmult_multoutext_Madd7_cy<7>_rt
XORCY 		module2op_102/Mmult_multoutext_Madd7_xor<7>
LUT1 		module2op_102/Mmult_multoutext_Madd6_cy<7>_rt
LUT1 		module2op_101/Mmult_multoutext_Madd7_cy<13>_rt
LUT1 		module2op_101/Mmult_multoutext_Madd7_cy<12>_rt
LUT1 		module2op_101/Mmult_multoutext_Madd7_cy<11>_rt
LUT1 		module2op_101/Mmult_multoutext_Madd7_cy<10>_rt
LUT1 		module2op_101/Mmult_multoutext_Madd7_cy<9>_rt
LUT1 		module2op_101/Mmult_multoutext_Madd7_cy<8>_rt
LUT1 		module2op_101/Mmult_multoutext_Madd7_cy<7>_rt
XORCY 		module2op_101/Mmult_multoutext_Madd7_xor<7>
LUT1 		module2op_101/Mmult_multoutext_Madd6_cy<7>_rt
LUT1 		module2op_100/Mmult_multoutext_Madd7_cy<13>_rt
LUT1 		module2op_100/Mmult_multoutext_Madd7_cy<12>_rt
LUT1 		module2op_100/Mmult_multoutext_Madd7_cy<11>_rt
LUT1 		module2op_100/Mmult_multoutext_Madd7_cy<10>_rt
LUT1 		module2op_100/Mmult_multoutext_Madd7_cy<9>_rt
LUT1 		module2op_100/Mmult_multoutext_Madd7_cy<8>_rt
LUT1 		module2op_100/Mmult_multoutext_Madd7_cy<7>_rt
XORCY 		module2op_100/Mmult_multoutext_Madd7_xor<7>
LUT1 		module2op_100/Mmult_multoutext_Madd6_cy<7>_rt
LUT1 		module2op_99/Mmult_multoutext_Madd7_cy<13>_rt
LUT1 		module2op_99/Mmult_multoutext_Madd7_cy<12>_rt
LUT1 		module2op_99/Mmult_multoutext_Madd7_cy<11>_rt
LUT1 		module2op_99/Mmult_multoutext_Madd7_cy<10>_rt
LUT1 		module2op_99/Mmult_multoutext_Madd7_cy<9>_rt
LUT1 		module2op_99/Mmult_multoutext_Madd7_cy<8>_rt
LUT1 		module2op_99/Mmult_multoutext_Madd7_cy<7>_rt
XORCY 		module2op_99/Mmult_multoutext_Madd7_xor<7>
LUT1 		module2op_99/Mmult_multoutext_Madd6_cy<7>_rt
LUT1 		module2op_98/Mmult_multoutext_Madd7_cy<13>_rt
LUT1 		module2op_98/Mmult_multoutext_Madd7_cy<12>_rt
LUT1 		module2op_98/Mmult_multoutext_Madd7_cy<11>_rt
LUT1 		module2op_98/Mmult_multoutext_Madd7_cy<10>_rt
LUT1 		module2op_98/Mmult_multoutext_Madd7_cy<9>_rt
LUT1 		module2op_98/Mmult_multoutext_Madd7_cy<8>_rt
LUT1 		module2op_98/Mmult_multoutext_Madd7_cy<7>_rt
XORCY 		module2op_98/Mmult_multoutext_Madd7_xor<7>
LUT1 		module2op_98/Mmult_multoutext_Madd6_cy<7>_rt
LUT1 		module2op_97/Mmult_multoutext_Madd7_cy<13>_rt
LUT1 		module2op_97/Mmult_multoutext_Madd7_cy<12>_rt
LUT1 		module2op_97/Mmult_multoutext_Madd7_cy<11>_rt
LUT1 		module2op_97/Mmult_multoutext_Madd7_cy<10>_rt
LUT1 		module2op_97/Mmult_multoutext_Madd7_cy<9>_rt
LUT1 		module2op_97/Mmult_multoutext_Madd7_cy<8>_rt
LUT1 		module2op_97/Mmult_multoutext_Madd7_cy<7>_rt
XORCY 		module2op_97/Mmult_multoutext_Madd7_xor<7>
LUT1 		module2op_97/Mmult_multoutext_Madd6_cy<7>_rt
LUT1 		module2op_96/Mmult_multoutext_Madd7_cy<13>_rt
LUT1 		module2op_96/Mmult_multoutext_Madd7_cy<12>_rt
LUT1 		module2op_96/Mmult_multoutext_Madd7_cy<11>_rt
LUT1 		module2op_96/Mmult_multoutext_Madd7_cy<10>_rt
LUT1 		module2op_96/Mmult_multoutext_Madd7_cy<9>_rt
LUT1 		module2op_96/Mmult_multoutext_Madd7_cy<8>_rt
LUT1 		module2op_96/Mmult_multoutext_Madd7_cy<7>_rt
XORCY 		module2op_96/Mmult_multoutext_Madd7_xor<7>
LUT1 		module2op_96/Mmult_multoutext_Madd6_cy<7>_rt
LUT1 		module2op_95/Mmult_multoutext_Madd7_cy<13>_rt
LUT1 		module2op_95/Mmult_multoutext_Madd7_cy<12>_rt
LUT1 		module2op_95/Mmult_multoutext_Madd7_cy<11>_rt
LUT1 		module2op_95/Mmult_multoutext_Madd7_cy<10>_rt
LUT1 		module2op_95/Mmult_multoutext_Madd7_cy<9>_rt
LUT1 		module2op_95/Mmult_multoutext_Madd7_cy<8>_rt
LUT1 		module2op_95/Mmult_multoutext_Madd7_cy<7>_rt
XORCY 		module2op_95/Mmult_multoutext_Madd7_xor<7>
LUT1 		module2op_95/Mmult_multoutext_Madd6_cy<7>_rt
LUT1 		module2op_94/Mmult_multoutext_Madd7_cy<13>_rt
LUT1 		module2op_94/Mmult_multoutext_Madd7_cy<12>_rt
LUT1 		module2op_94/Mmult_multoutext_Madd7_cy<11>_rt
LUT1 		module2op_94/Mmult_multoutext_Madd7_cy<10>_rt
LUT1 		module2op_94/Mmult_multoutext_Madd7_cy<9>_rt
LUT1 		module2op_94/Mmult_multoutext_Madd7_cy<8>_rt
LUT1 		module2op_94/Mmult_multoutext_Madd7_cy<7>_rt
XORCY 		module2op_94/Mmult_multoutext_Madd7_xor<7>
LUT1 		module2op_94/Mmult_multoutext_Madd6_cy<7>_rt
LUT1 		module2op_93/Mmult_multoutext_Madd7_cy<13>_rt
LUT1 		module2op_93/Mmult_multoutext_Madd7_cy<12>_rt
LUT1 		module2op_93/Mmult_multoutext_Madd7_cy<11>_rt
LUT1 		module2op_93/Mmult_multoutext_Madd7_cy<10>_rt
LUT1 		module2op_93/Mmult_multoutext_Madd7_cy<9>_rt
LUT1 		module2op_93/Mmult_multoutext_Madd7_cy<8>_rt
LUT1 		module2op_93/Mmult_multoutext_Madd7_cy<7>_rt
XORCY 		module2op_93/Mmult_multoutext_Madd7_xor<7>
LUT1 		module2op_93/Mmult_multoutext_Madd6_cy<7>_rt
LUT1 		module2op_92/Mmult_multoutext_Madd7_cy<13>_rt
LUT1 		module2op_92/Mmult_multoutext_Madd7_cy<12>_rt
LUT1 		module2op_92/Mmult_multoutext_Madd7_cy<11>_rt
LUT1 		module2op_92/Mmult_multoutext_Madd7_cy<10>_rt
LUT1 		module2op_92/Mmult_multoutext_Madd7_cy<9>_rt
LUT1 		module2op_92/Mmult_multoutext_Madd7_cy<8>_rt
LUT1 		module2op_92/Mmult_multoutext_Madd7_cy<7>_rt
XORCY 		module2op_92/Mmult_multoutext_Madd7_xor<7>
LUT1 		module2op_92/Mmult_multoutext_Madd6_cy<7>_rt
LUT1 		module2op_91/Mmult_multoutext_Madd7_cy<13>_rt
LUT1 		module2op_91/Mmult_multoutext_Madd7_cy<12>_rt
LUT1 		module2op_91/Mmult_multoutext_Madd7_cy<11>_rt
LUT1 		module2op_91/Mmult_multoutext_Madd7_cy<10>_rt
LUT1 		module2op_91/Mmult_multoutext_Madd7_cy<9>_rt
LUT1 		module2op_91/Mmult_multoutext_Madd7_cy<8>_rt
LUT1 		module2op_91/Mmult_multoutext_Madd7_cy<7>_rt
XORCY 		module2op_91/Mmult_multoutext_Madd7_xor<7>
LUT1 		module2op_91/Mmult_multoutext_Madd6_cy<7>_rt
LUT1 		module2op_90/Mmult_multoutext_Madd7_cy<13>_rt
LUT1 		module2op_90/Mmult_multoutext_Madd7_cy<12>_rt
LUT1 		module2op_90/Mmult_multoutext_Madd7_cy<11>_rt
LUT1 		module2op_90/Mmult_multoutext_Madd7_cy<10>_rt
LUT1 		module2op_90/Mmult_multoutext_Madd7_cy<9>_rt
LUT1 		module2op_90/Mmult_multoutext_Madd7_cy<8>_rt
LUT1 		module2op_90/Mmult_multoutext_Madd7_cy<7>_rt
XORCY 		module2op_90/Mmult_multoutext_Madd7_xor<7>
LUT1 		module2op_90/Mmult_multoutext_Madd6_cy<7>_rt
LUT1 		module2op_89/Mmult_multoutext_Madd7_cy<13>_rt
LUT1 		module2op_89/Mmult_multoutext_Madd7_cy<12>_rt
LUT1 		module2op_89/Mmult_multoutext_Madd7_cy<11>_rt
LUT1 		module2op_89/Mmult_multoutext_Madd7_cy<10>_rt
LUT1 		module2op_89/Mmult_multoutext_Madd7_cy<9>_rt
LUT1 		module2op_89/Mmult_multoutext_Madd7_cy<8>_rt
LUT1 		module2op_89/Mmult_multoutext_Madd7_cy<7>_rt
XORCY 		module2op_89/Mmult_multoutext_Madd7_xor<7>
LUT1 		module2op_89/Mmult_multoutext_Madd6_cy<7>_rt
LUT1 		module2op_88/Mmult_multoutext_Madd7_cy<13>_rt
LUT1 		module2op_88/Mmult_multoutext_Madd7_cy<12>_rt
LUT1 		module2op_88/Mmult_multoutext_Madd7_cy<11>_rt
LUT1 		module2op_88/Mmult_multoutext_Madd7_cy<10>_rt
LUT1 		module2op_88/Mmult_multoutext_Madd7_cy<9>_rt
LUT1 		module2op_88/Mmult_multoutext_Madd7_cy<8>_rt
LUT1 		module2op_88/Mmult_multoutext_Madd7_cy<7>_rt
XORCY 		module2op_88/Mmult_multoutext_Madd7_xor<7>
LUT1 		module2op_88/Mmult_multoutext_Madd6_cy<7>_rt
LUT1 		module2op_87/Mmult_multoutext_Madd7_cy<13>_rt
LUT1 		module2op_87/Mmult_multoutext_Madd7_cy<12>_rt
LUT1 		module2op_87/Mmult_multoutext_Madd7_cy<11>_rt
LUT1 		module2op_87/Mmult_multoutext_Madd7_cy<10>_rt
LUT1 		module2op_87/Mmult_multoutext_Madd7_cy<9>_rt
LUT1 		module2op_87/Mmult_multoutext_Madd7_cy<8>_rt
LUT1 		module2op_87/Mmult_multoutext_Madd7_cy<7>_rt
XORCY 		module2op_87/Mmult_multoutext_Madd7_xor<7>
LUT1 		module2op_87/Mmult_multoutext_Madd6_cy<7>_rt
LUT1 		module2op_86/Mmult_multoutext_Madd7_cy<13>_rt
LUT1 		module2op_86/Mmult_multoutext_Madd7_cy<12>_rt
LUT1 		module2op_86/Mmult_multoutext_Madd7_cy<11>_rt
LUT1 		module2op_86/Mmult_multoutext_Madd7_cy<10>_rt
LUT1 		module2op_86/Mmult_multoutext_Madd7_cy<9>_rt
LUT1 		module2op_86/Mmult_multoutext_Madd7_cy<8>_rt
LUT1 		module2op_86/Mmult_multoutext_Madd7_cy<7>_rt
XORCY 		module2op_86/Mmult_multoutext_Madd7_xor<7>
LUT1 		module2op_86/Mmult_multoutext_Madd6_cy<7>_rt
LUT1 		module2op_85/Mmult_multoutext_Madd7_cy<13>_rt
LUT1 		module2op_85/Mmult_multoutext_Madd7_cy<12>_rt
LUT1 		module2op_85/Mmult_multoutext_Madd7_cy<11>_rt
LUT1 		module2op_85/Mmult_multoutext_Madd7_cy<10>_rt
LUT1 		module2op_85/Mmult_multoutext_Madd7_cy<9>_rt
LUT1 		module2op_85/Mmult_multoutext_Madd7_cy<8>_rt
LUT1 		module2op_85/Mmult_multoutext_Madd7_cy<7>_rt
XORCY 		module2op_85/Mmult_multoutext_Madd7_xor<7>
LUT1 		module2op_85/Mmult_multoutext_Madd6_cy<7>_rt
LUT1 		module2op_84/Mmult_multoutext_Madd7_cy<13>_rt
LUT1 		module2op_84/Mmult_multoutext_Madd7_cy<12>_rt
LUT1 		module2op_84/Mmult_multoutext_Madd7_cy<11>_rt
LUT1 		module2op_84/Mmult_multoutext_Madd7_cy<10>_rt
LUT1 		module2op_84/Mmult_multoutext_Madd7_cy<9>_rt
LUT1 		module2op_84/Mmult_multoutext_Madd7_cy<8>_rt
LUT1 		module2op_84/Mmult_multoutext_Madd7_cy<7>_rt
XORCY 		module2op_84/Mmult_multoutext_Madd7_xor<7>
LUT1 		module2op_84/Mmult_multoutext_Madd6_cy<7>_rt
LUT1 		module2op_83/Mmult_multoutext_Madd7_cy<13>_rt
LUT1 		module2op_83/Mmult_multoutext_Madd7_cy<12>_rt
LUT1 		module2op_83/Mmult_multoutext_Madd7_cy<11>_rt
LUT1 		module2op_83/Mmult_multoutext_Madd7_cy<10>_rt
LUT1 		module2op_83/Mmult_multoutext_Madd7_cy<9>_rt
LUT1 		module2op_83/Mmult_multoutext_Madd7_cy<8>_rt
LUT1 		module2op_83/Mmult_multoutext_Madd7_cy<7>_rt
XORCY 		module2op_83/Mmult_multoutext_Madd7_xor<7>
LUT1 		module2op_83/Mmult_multoutext_Madd6_cy<7>_rt
LUT1 		module2op_82/Mmult_multoutext_Madd7_cy<13>_rt
LUT1 		module2op_82/Mmult_multoutext_Madd7_cy<12>_rt
LUT1 		module2op_82/Mmult_multoutext_Madd7_cy<11>_rt
LUT1 		module2op_82/Mmult_multoutext_Madd7_cy<10>_rt
LUT1 		module2op_82/Mmult_multoutext_Madd7_cy<9>_rt
LUT1 		module2op_82/Mmult_multoutext_Madd7_cy<8>_rt
LUT1 		module2op_82/Mmult_multoutext_Madd7_cy<7>_rt
XORCY 		module2op_82/Mmult_multoutext_Madd7_xor<7>
LUT1 		module2op_82/Mmult_multoutext_Madd6_cy<7>_rt
LUT1 		module2op_81/Mmult_multoutext_Madd7_cy<13>_rt
LUT1 		module2op_81/Mmult_multoutext_Madd7_cy<12>_rt
LUT1 		module2op_81/Mmult_multoutext_Madd7_cy<11>_rt
LUT1 		module2op_81/Mmult_multoutext_Madd7_cy<10>_rt
LUT1 		module2op_81/Mmult_multoutext_Madd7_cy<9>_rt
LUT1 		module2op_81/Mmult_multoutext_Madd7_cy<8>_rt
LUT1 		module2op_81/Mmult_multoutext_Madd7_cy<7>_rt
XORCY 		module2op_81/Mmult_multoutext_Madd7_xor<7>
LUT1 		module2op_81/Mmult_multoutext_Madd6_cy<7>_rt
LUT1 		module2op_80/Mmult_multoutext_Madd7_cy<13>_rt
LUT1 		module2op_80/Mmult_multoutext_Madd7_cy<12>_rt
LUT1 		module2op_80/Mmult_multoutext_Madd7_cy<11>_rt
LUT1 		module2op_80/Mmult_multoutext_Madd7_cy<10>_rt
LUT1 		module2op_80/Mmult_multoutext_Madd7_cy<9>_rt
LUT1 		module2op_80/Mmult_multoutext_Madd7_cy<8>_rt
LUT1 		module2op_80/Mmult_multoutext_Madd7_cy<7>_rt
XORCY 		module2op_80/Mmult_multoutext_Madd7_xor<7>
LUT1 		module2op_80/Mmult_multoutext_Madd6_cy<7>_rt
LUT1 		module2op_79/Mmult_multoutext_Madd7_cy<13>_rt
LUT1 		module2op_79/Mmult_multoutext_Madd7_cy<12>_rt
LUT1 		module2op_79/Mmult_multoutext_Madd7_cy<11>_rt
LUT1 		module2op_79/Mmult_multoutext_Madd7_cy<10>_rt
LUT1 		module2op_79/Mmult_multoutext_Madd7_cy<9>_rt
LUT1 		module2op_79/Mmult_multoutext_Madd7_cy<8>_rt
LUT1 		module2op_79/Mmult_multoutext_Madd7_cy<7>_rt
XORCY 		module2op_79/Mmult_multoutext_Madd7_xor<7>
LUT1 		module2op_79/Mmult_multoutext_Madd6_cy<7>_rt
LUT1 		module2op_78/Mmult_multoutext_Madd7_cy<13>_rt
LUT1 		module2op_78/Mmult_multoutext_Madd7_cy<12>_rt
LUT1 		module2op_78/Mmult_multoutext_Madd7_cy<11>_rt
LUT1 		module2op_78/Mmult_multoutext_Madd7_cy<10>_rt
LUT1 		module2op_78/Mmult_multoutext_Madd7_cy<9>_rt
LUT1 		module2op_78/Mmult_multoutext_Madd7_cy<8>_rt
LUT1 		module2op_78/Mmult_multoutext_Madd7_cy<7>_rt
XORCY 		module2op_78/Mmult_multoutext_Madd7_xor<7>
LUT1 		module2op_78/Mmult_multoutext_Madd6_cy<7>_rt
LUT1 		module2op_77/Mmult_multoutext_Madd7_cy<13>_rt
LUT1 		module2op_77/Mmult_multoutext_Madd7_cy<12>_rt
LUT1 		module2op_77/Mmult_multoutext_Madd7_cy<11>_rt
LUT1 		module2op_77/Mmult_multoutext_Madd7_cy<10>_rt
LUT1 		module2op_77/Mmult_multoutext_Madd7_cy<9>_rt
LUT1 		module2op_77/Mmult_multoutext_Madd7_cy<8>_rt
LUT1 		module2op_77/Mmult_multoutext_Madd7_cy<7>_rt
XORCY 		module2op_77/Mmult_multoutext_Madd7_xor<7>
LUT1 		module2op_77/Mmult_multoutext_Madd6_cy<7>_rt
LUT1 		module2op_76/Mmult_multoutext_Madd7_cy<13>_rt
LUT1 		module2op_76/Mmult_multoutext_Madd7_cy<12>_rt
LUT1 		module2op_76/Mmult_multoutext_Madd7_cy<11>_rt
LUT1 		module2op_76/Mmult_multoutext_Madd7_cy<10>_rt
LUT1 		module2op_76/Mmult_multoutext_Madd7_cy<9>_rt
LUT1 		module2op_76/Mmult_multoutext_Madd7_cy<8>_rt
LUT1 		module2op_76/Mmult_multoutext_Madd7_cy<7>_rt
XORCY 		module2op_76/Mmult_multoutext_Madd7_xor<7>
LUT1 		module2op_76/Mmult_multoutext_Madd6_cy<7>_rt
LUT1 		module2op_75/Mmult_multoutext_Madd7_cy<13>_rt
LUT1 		module2op_75/Mmult_multoutext_Madd7_cy<12>_rt
LUT1 		module2op_75/Mmult_multoutext_Madd7_cy<11>_rt
LUT1 		module2op_75/Mmult_multoutext_Madd7_cy<10>_rt
LUT1 		module2op_75/Mmult_multoutext_Madd7_cy<9>_rt
LUT1 		module2op_75/Mmult_multoutext_Madd7_cy<8>_rt
LUT1 		module2op_75/Mmult_multoutext_Madd7_cy<7>_rt
XORCY 		module2op_75/Mmult_multoutext_Madd7_xor<7>
LUT1 		module2op_75/Mmult_multoutext_Madd6_cy<7>_rt
LUT1 		module2op_74/Mmult_multoutext_Madd7_cy<13>_rt
LUT1 		module2op_74/Mmult_multoutext_Madd7_cy<12>_rt
LUT1 		module2op_74/Mmult_multoutext_Madd7_cy<11>_rt
LUT1 		module2op_74/Mmult_multoutext_Madd7_cy<10>_rt
LUT1 		module2op_74/Mmult_multoutext_Madd7_cy<9>_rt
LUT1 		module2op_74/Mmult_multoutext_Madd7_cy<8>_rt
LUT1 		module2op_74/Mmult_multoutext_Madd7_cy<7>_rt
XORCY 		module2op_74/Mmult_multoutext_Madd7_xor<7>
LUT1 		module2op_74/Mmult_multoutext_Madd6_cy<7>_rt
LUT1 		module2op_73/Mmult_multoutext_Madd7_cy<13>_rt
LUT1 		module2op_73/Mmult_multoutext_Madd7_cy<12>_rt
LUT1 		module2op_73/Mmult_multoutext_Madd7_cy<11>_rt
LUT1 		module2op_73/Mmult_multoutext_Madd7_cy<10>_rt
LUT1 		module2op_73/Mmult_multoutext_Madd7_cy<9>_rt
LUT1 		module2op_73/Mmult_multoutext_Madd7_cy<8>_rt
LUT1 		module2op_73/Mmult_multoutext_Madd7_cy<7>_rt
XORCY 		module2op_73/Mmult_multoutext_Madd7_xor<7>
LUT1 		module2op_73/Mmult_multoutext_Madd6_cy<7>_rt
LUT1 		module2op_72/Mmult_multoutext_Madd7_cy<13>_rt
LUT1 		module2op_72/Mmult_multoutext_Madd7_cy<12>_rt
LUT1 		module2op_72/Mmult_multoutext_Madd7_cy<11>_rt
LUT1 		module2op_72/Mmult_multoutext_Madd7_cy<10>_rt
LUT1 		module2op_72/Mmult_multoutext_Madd7_cy<9>_rt
LUT1 		module2op_72/Mmult_multoutext_Madd7_cy<8>_rt
LUT1 		module2op_72/Mmult_multoutext_Madd7_cy<7>_rt
XORCY 		module2op_72/Mmult_multoutext_Madd7_xor<7>
LUT1 		module2op_72/Mmult_multoutext_Madd6_cy<7>_rt
LUT1 		module2op_71/Mmult_multoutext_Madd7_cy<13>_rt
LUT1 		module2op_71/Mmult_multoutext_Madd7_cy<12>_rt
LUT1 		module2op_71/Mmult_multoutext_Madd7_cy<11>_rt
LUT1 		module2op_71/Mmult_multoutext_Madd7_cy<10>_rt
LUT1 		module2op_71/Mmult_multoutext_Madd7_cy<9>_rt
LUT1 		module2op_71/Mmult_multoutext_Madd7_cy<8>_rt
LUT1 		module2op_71/Mmult_multoutext_Madd7_cy<7>_rt
XORCY 		module2op_71/Mmult_multoutext_Madd7_xor<7>
LUT1 		module2op_71/Mmult_multoutext_Madd6_cy<7>_rt
LUT1 		module2op_70/Mmult_multoutext_Madd7_cy<13>_rt
LUT1 		module2op_70/Mmult_multoutext_Madd7_cy<12>_rt
LUT1 		module2op_70/Mmult_multoutext_Madd7_cy<11>_rt
LUT1 		module2op_70/Mmult_multoutext_Madd7_cy<10>_rt
LUT1 		module2op_70/Mmult_multoutext_Madd7_cy<9>_rt
LUT1 		module2op_70/Mmult_multoutext_Madd7_cy<8>_rt
LUT1 		module2op_70/Mmult_multoutext_Madd7_cy<7>_rt
XORCY 		module2op_70/Mmult_multoutext_Madd7_xor<7>
LUT1 		module2op_70/Mmult_multoutext_Madd6_cy<7>_rt
LUT1 		module2op_69/Mmult_multoutext_Madd7_cy<13>_rt
LUT1 		module2op_69/Mmult_multoutext_Madd7_cy<12>_rt
LUT1 		module2op_69/Mmult_multoutext_Madd7_cy<11>_rt
LUT1 		module2op_69/Mmult_multoutext_Madd7_cy<10>_rt
LUT1 		module2op_69/Mmult_multoutext_Madd7_cy<9>_rt
LUT1 		module2op_69/Mmult_multoutext_Madd7_cy<8>_rt
LUT1 		module2op_69/Mmult_multoutext_Madd7_cy<7>_rt
XORCY 		module2op_69/Mmult_multoutext_Madd7_xor<7>
LUT1 		module2op_69/Mmult_multoutext_Madd6_cy<7>_rt
LUT1 		module2op_68/Mmult_multoutext_Madd7_cy<13>_rt
LUT1 		module2op_68/Mmult_multoutext_Madd7_cy<12>_rt
LUT1 		module2op_68/Mmult_multoutext_Madd7_cy<11>_rt
LUT1 		module2op_68/Mmult_multoutext_Madd7_cy<10>_rt
LUT1 		module2op_68/Mmult_multoutext_Madd7_cy<9>_rt
LUT1 		module2op_68/Mmult_multoutext_Madd7_cy<8>_rt
LUT1 		module2op_68/Mmult_multoutext_Madd7_cy<7>_rt
XORCY 		module2op_68/Mmult_multoutext_Madd7_xor<7>
LUT1 		module2op_68/Mmult_multoutext_Madd6_cy<7>_rt
LUT1 		module2op_67/Mmult_multoutext_Madd7_cy<13>_rt
LUT1 		module2op_67/Mmult_multoutext_Madd7_cy<12>_rt
LUT1 		module2op_67/Mmult_multoutext_Madd7_cy<11>_rt
LUT1 		module2op_67/Mmult_multoutext_Madd7_cy<10>_rt
LUT1 		module2op_67/Mmult_multoutext_Madd7_cy<9>_rt
LUT1 		module2op_67/Mmult_multoutext_Madd7_cy<8>_rt
LUT1 		module2op_67/Mmult_multoutext_Madd7_cy<7>_rt
XORCY 		module2op_67/Mmult_multoutext_Madd7_xor<7>
LUT1 		module2op_67/Mmult_multoutext_Madd6_cy<7>_rt
LUT1 		module2op_66/Mmult_multoutext_Madd7_cy<13>_rt
LUT1 		module2op_66/Mmult_multoutext_Madd7_cy<12>_rt
LUT1 		module2op_66/Mmult_multoutext_Madd7_cy<11>_rt
LUT1 		module2op_66/Mmult_multoutext_Madd7_cy<10>_rt
LUT1 		module2op_66/Mmult_multoutext_Madd7_cy<9>_rt
LUT1 		module2op_66/Mmult_multoutext_Madd7_cy<8>_rt
LUT1 		module2op_66/Mmult_multoutext_Madd7_cy<7>_rt
XORCY 		module2op_66/Mmult_multoutext_Madd7_xor<7>
LUT1 		module2op_66/Mmult_multoutext_Madd6_cy<7>_rt
LUT1 		module2op_65/Mmult_multoutext_Madd7_cy<13>_rt
LUT1 		module2op_65/Mmult_multoutext_Madd7_cy<12>_rt
LUT1 		module2op_65/Mmult_multoutext_Madd7_cy<11>_rt
LUT1 		module2op_65/Mmult_multoutext_Madd7_cy<10>_rt
LUT1 		module2op_65/Mmult_multoutext_Madd7_cy<9>_rt
LUT1 		module2op_65/Mmult_multoutext_Madd7_cy<8>_rt
LUT1 		module2op_65/Mmult_multoutext_Madd7_cy<7>_rt
XORCY 		module2op_65/Mmult_multoutext_Madd7_xor<7>
LUT1 		module2op_65/Mmult_multoutext_Madd6_cy<7>_rt
LUT1 		module2op_64/Mmult_multoutext_Madd7_cy<13>_rt
LUT1 		module2op_64/Mmult_multoutext_Madd7_cy<12>_rt
LUT1 		module2op_64/Mmult_multoutext_Madd7_cy<11>_rt
LUT1 		module2op_64/Mmult_multoutext_Madd7_cy<10>_rt
LUT1 		module2op_64/Mmult_multoutext_Madd7_cy<9>_rt
LUT1 		module2op_64/Mmult_multoutext_Madd7_cy<8>_rt
LUT1 		module2op_64/Mmult_multoutext_Madd7_cy<7>_rt
XORCY 		module2op_64/Mmult_multoutext_Madd7_xor<7>
LUT1 		module2op_64/Mmult_multoutext_Madd6_cy<7>_rt
LUT1 		module2op_63/Mmult_multoutext_Madd7_cy<13>_rt
LUT1 		module2op_63/Mmult_multoutext_Madd7_cy<12>_rt
LUT1 		module2op_63/Mmult_multoutext_Madd7_cy<11>_rt
LUT1 		module2op_63/Mmult_multoutext_Madd7_cy<10>_rt
LUT1 		module2op_63/Mmult_multoutext_Madd7_cy<9>_rt
LUT1 		module2op_63/Mmult_multoutext_Madd7_cy<8>_rt
LUT1 		module2op_63/Mmult_multoutext_Madd7_cy<7>_rt
XORCY 		module2op_63/Mmult_multoutext_Madd7_xor<7>
LUT1 		module2op_63/Mmult_multoutext_Madd6_cy<7>_rt
LUT1 		module2op_62/Mmult_multoutext_Madd7_cy<13>_rt
LUT1 		module2op_62/Mmult_multoutext_Madd7_cy<12>_rt
LUT1 		module2op_62/Mmult_multoutext_Madd7_cy<11>_rt
LUT1 		module2op_62/Mmult_multoutext_Madd7_cy<10>_rt
LUT1 		module2op_62/Mmult_multoutext_Madd7_cy<9>_rt
LUT1 		module2op_62/Mmult_multoutext_Madd7_cy<8>_rt
LUT1 		module2op_62/Mmult_multoutext_Madd7_cy<7>_rt
XORCY 		module2op_62/Mmult_multoutext_Madd7_xor<7>
LUT1 		module2op_62/Mmult_multoutext_Madd6_cy<7>_rt
LUT1 		module2op_61/Mmult_multoutext_Madd7_cy<13>_rt
LUT1 		module2op_61/Mmult_multoutext_Madd7_cy<12>_rt
LUT1 		module2op_61/Mmult_multoutext_Madd7_cy<11>_rt
LUT1 		module2op_61/Mmult_multoutext_Madd7_cy<10>_rt
LUT1 		module2op_61/Mmult_multoutext_Madd7_cy<9>_rt
LUT1 		module2op_61/Mmult_multoutext_Madd7_cy<8>_rt
LUT1 		module2op_61/Mmult_multoutext_Madd7_cy<7>_rt
XORCY 		module2op_61/Mmult_multoutext_Madd7_xor<7>
LUT1 		module2op_61/Mmult_multoutext_Madd6_cy<7>_rt
LUT1 		module2op_60/Mmult_multoutext_Madd7_cy<13>_rt
LUT1 		module2op_60/Mmult_multoutext_Madd7_cy<12>_rt
LUT1 		module2op_60/Mmult_multoutext_Madd7_cy<11>_rt
LUT1 		module2op_60/Mmult_multoutext_Madd7_cy<10>_rt
LUT1 		module2op_60/Mmult_multoutext_Madd7_cy<9>_rt
LUT1 		module2op_60/Mmult_multoutext_Madd7_cy<8>_rt
LUT1 		module2op_60/Mmult_multoutext_Madd7_cy<7>_rt
XORCY 		module2op_60/Mmult_multoutext_Madd7_xor<7>
LUT1 		module2op_60/Mmult_multoutext_Madd6_cy<7>_rt
LUT1 		module2op_59/Mmult_multoutext_Madd7_cy<13>_rt
LUT1 		module2op_59/Mmult_multoutext_Madd7_cy<12>_rt
LUT1 		module2op_59/Mmult_multoutext_Madd7_cy<11>_rt
LUT1 		module2op_59/Mmult_multoutext_Madd7_cy<10>_rt
LUT1 		module2op_59/Mmult_multoutext_Madd7_cy<9>_rt
LUT1 		module2op_59/Mmult_multoutext_Madd7_cy<8>_rt
LUT1 		module2op_59/Mmult_multoutext_Madd7_cy<7>_rt
XORCY 		module2op_59/Mmult_multoutext_Madd7_xor<7>
LUT1 		module2op_59/Mmult_multoutext_Madd6_cy<7>_rt
LUT1 		module2op_58/Mmult_multoutext_Madd7_cy<13>_rt
LUT1 		module2op_58/Mmult_multoutext_Madd7_cy<12>_rt
LUT1 		module2op_58/Mmult_multoutext_Madd7_cy<11>_rt
LUT1 		module2op_58/Mmult_multoutext_Madd7_cy<10>_rt
LUT1 		module2op_58/Mmult_multoutext_Madd7_cy<9>_rt
LUT1 		module2op_58/Mmult_multoutext_Madd7_cy<8>_rt
LUT1 		module2op_58/Mmult_multoutext_Madd7_cy<7>_rt
XORCY 		module2op_58/Mmult_multoutext_Madd7_xor<7>
LUT1 		module2op_58/Mmult_multoutext_Madd6_cy<7>_rt
LUT1 		module2op_57/Mmult_multoutext_Madd7_cy<13>_rt
LUT1 		module2op_57/Mmult_multoutext_Madd7_cy<12>_rt
LUT1 		module2op_57/Mmult_multoutext_Madd7_cy<11>_rt
LUT1 		module2op_57/Mmult_multoutext_Madd7_cy<10>_rt
LUT1 		module2op_57/Mmult_multoutext_Madd7_cy<9>_rt
LUT1 		module2op_57/Mmult_multoutext_Madd7_cy<8>_rt
LUT1 		module2op_57/Mmult_multoutext_Madd7_cy<7>_rt
XORCY 		module2op_57/Mmult_multoutext_Madd7_xor<7>
LUT1 		module2op_57/Mmult_multoutext_Madd6_cy<7>_rt
LUT1 		module2op_56/Mmult_multoutext_Madd7_cy<13>_rt
LUT1 		module2op_56/Mmult_multoutext_Madd7_cy<12>_rt
LUT1 		module2op_56/Mmult_multoutext_Madd7_cy<11>_rt
LUT1 		module2op_56/Mmult_multoutext_Madd7_cy<10>_rt
LUT1 		module2op_56/Mmult_multoutext_Madd7_cy<9>_rt
LUT1 		module2op_56/Mmult_multoutext_Madd7_cy<8>_rt
LUT1 		module2op_56/Mmult_multoutext_Madd7_cy<7>_rt
XORCY 		module2op_56/Mmult_multoutext_Madd7_xor<7>
LUT1 		module2op_56/Mmult_multoutext_Madd6_cy<7>_rt
LUT1 		module2op_55/Mmult_multoutext_Madd7_cy<13>_rt
LUT1 		module2op_55/Mmult_multoutext_Madd7_cy<12>_rt
LUT1 		module2op_55/Mmult_multoutext_Madd7_cy<11>_rt
LUT1 		module2op_55/Mmult_multoutext_Madd7_cy<10>_rt
LUT1 		module2op_55/Mmult_multoutext_Madd7_cy<9>_rt
LUT1 		module2op_55/Mmult_multoutext_Madd7_cy<8>_rt
LUT1 		module2op_55/Mmult_multoutext_Madd7_cy<7>_rt
XORCY 		module2op_55/Mmult_multoutext_Madd7_xor<7>
LUT1 		module2op_55/Mmult_multoutext_Madd6_cy<7>_rt
LUT1 		module2op_54/Mmult_multoutext_Madd7_cy<13>_rt
LUT1 		module2op_54/Mmult_multoutext_Madd7_cy<12>_rt
LUT1 		module2op_54/Mmult_multoutext_Madd7_cy<11>_rt
LUT1 		module2op_54/Mmult_multoutext_Madd7_cy<10>_rt
LUT1 		module2op_54/Mmult_multoutext_Madd7_cy<9>_rt
LUT1 		module2op_54/Mmult_multoutext_Madd7_cy<8>_rt
LUT1 		module2op_54/Mmult_multoutext_Madd7_cy<7>_rt
XORCY 		module2op_54/Mmult_multoutext_Madd7_xor<7>
LUT1 		module2op_54/Mmult_multoutext_Madd6_cy<7>_rt
LUT1 		module2op_53/Mmult_multoutext_Madd7_cy<13>_rt
LUT1 		module2op_53/Mmult_multoutext_Madd7_cy<12>_rt
LUT1 		module2op_53/Mmult_multoutext_Madd7_cy<11>_rt
LUT1 		module2op_53/Mmult_multoutext_Madd7_cy<10>_rt
LUT1 		module2op_53/Mmult_multoutext_Madd7_cy<9>_rt
LUT1 		module2op_53/Mmult_multoutext_Madd7_cy<8>_rt
LUT1 		module2op_53/Mmult_multoutext_Madd7_cy<7>_rt
XORCY 		module2op_53/Mmult_multoutext_Madd7_xor<7>
LUT1 		module2op_53/Mmult_multoutext_Madd6_cy<7>_rt
LUT1 		module2op_52/Mmult_multoutext_Madd7_cy<13>_rt
LUT1 		module2op_52/Mmult_multoutext_Madd7_cy<12>_rt
LUT1 		module2op_52/Mmult_multoutext_Madd7_cy<11>_rt
LUT1 		module2op_52/Mmult_multoutext_Madd7_cy<10>_rt
LUT1 		module2op_52/Mmult_multoutext_Madd7_cy<9>_rt
LUT1 		module2op_52/Mmult_multoutext_Madd7_cy<8>_rt
LUT1 		module2op_52/Mmult_multoutext_Madd7_cy<7>_rt
XORCY 		module2op_52/Mmult_multoutext_Madd7_xor<7>
LUT1 		module2op_52/Mmult_multoutext_Madd6_cy<7>_rt
LUT1 		module2op_51/Mmult_multoutext_Madd7_cy<13>_rt
LUT1 		module2op_51/Mmult_multoutext_Madd7_cy<12>_rt
LUT1 		module2op_51/Mmult_multoutext_Madd7_cy<11>_rt
LUT1 		module2op_51/Mmult_multoutext_Madd7_cy<10>_rt
LUT1 		module2op_51/Mmult_multoutext_Madd7_cy<9>_rt
LUT1 		module2op_51/Mmult_multoutext_Madd7_cy<8>_rt
LUT1 		module2op_51/Mmult_multoutext_Madd7_cy<7>_rt
XORCY 		module2op_51/Mmult_multoutext_Madd7_xor<7>
LUT1 		module2op_51/Mmult_multoutext_Madd6_cy<7>_rt
LUT1 		module2op_50/Mmult_multoutext_Madd7_cy<13>_rt
LUT1 		module2op_50/Mmult_multoutext_Madd7_cy<12>_rt
LUT1 		module2op_50/Mmult_multoutext_Madd7_cy<11>_rt
LUT1 		module2op_50/Mmult_multoutext_Madd7_cy<10>_rt
LUT1 		module2op_50/Mmult_multoutext_Madd7_cy<9>_rt
LUT1 		module2op_50/Mmult_multoutext_Madd7_cy<8>_rt
LUT1 		module2op_50/Mmult_multoutext_Madd7_cy<7>_rt
XORCY 		module2op_50/Mmult_multoutext_Madd7_xor<7>
LUT1 		module2op_50/Mmult_multoutext_Madd6_cy<7>_rt
LUT1 		module2op_49/Mmult_multoutext_Madd7_cy<13>_rt
LUT1 		module2op_49/Mmult_multoutext_Madd7_cy<12>_rt
LUT1 		module2op_49/Mmult_multoutext_Madd7_cy<11>_rt
LUT1 		module2op_49/Mmult_multoutext_Madd7_cy<10>_rt
LUT1 		module2op_49/Mmult_multoutext_Madd7_cy<9>_rt
LUT1 		module2op_49/Mmult_multoutext_Madd7_cy<8>_rt
LUT1 		module2op_49/Mmult_multoutext_Madd7_cy<7>_rt
XORCY 		module2op_49/Mmult_multoutext_Madd7_xor<7>
LUT1 		module2op_49/Mmult_multoutext_Madd6_cy<7>_rt
LUT1 		module2op_48/Mmult_multoutext_Madd7_cy<13>_rt
LUT1 		module2op_48/Mmult_multoutext_Madd7_cy<12>_rt
LUT1 		module2op_48/Mmult_multoutext_Madd7_cy<11>_rt
LUT1 		module2op_48/Mmult_multoutext_Madd7_cy<10>_rt
LUT1 		module2op_48/Mmult_multoutext_Madd7_cy<9>_rt
LUT1 		module2op_48/Mmult_multoutext_Madd7_cy<8>_rt
LUT1 		module2op_48/Mmult_multoutext_Madd7_cy<7>_rt
XORCY 		module2op_48/Mmult_multoutext_Madd7_xor<7>
LUT1 		module2op_48/Mmult_multoutext_Madd6_cy<7>_rt
LUT1 		module2op_47/Mmult_multoutext_Madd7_cy<13>_rt
LUT1 		module2op_47/Mmult_multoutext_Madd7_cy<12>_rt
LUT1 		module2op_47/Mmult_multoutext_Madd7_cy<11>_rt
LUT1 		module2op_47/Mmult_multoutext_Madd7_cy<10>_rt
LUT1 		module2op_47/Mmult_multoutext_Madd7_cy<9>_rt
LUT1 		module2op_47/Mmult_multoutext_Madd7_cy<8>_rt
LUT1 		module2op_47/Mmult_multoutext_Madd7_cy<7>_rt
XORCY 		module2op_47/Mmult_multoutext_Madd7_xor<7>
LUT1 		module2op_47/Mmult_multoutext_Madd6_cy<7>_rt
LUT1 		module2op_46/Mmult_multoutext_Madd7_cy<13>_rt
LUT1 		module2op_46/Mmult_multoutext_Madd7_cy<12>_rt
LUT1 		module2op_46/Mmult_multoutext_Madd7_cy<11>_rt
LUT1 		module2op_46/Mmult_multoutext_Madd7_cy<10>_rt
LUT1 		module2op_46/Mmult_multoutext_Madd7_cy<9>_rt
LUT1 		module2op_46/Mmult_multoutext_Madd7_cy<8>_rt
LUT1 		module2op_46/Mmult_multoutext_Madd7_cy<7>_rt
XORCY 		module2op_46/Mmult_multoutext_Madd7_xor<7>
LUT1 		module2op_46/Mmult_multoutext_Madd6_cy<7>_rt
LUT1 		module2op_45/Mmult_multoutext_Madd7_cy<13>_rt
LUT1 		module2op_45/Mmult_multoutext_Madd7_cy<12>_rt
LUT1 		module2op_45/Mmult_multoutext_Madd7_cy<11>_rt
LUT1 		module2op_45/Mmult_multoutext_Madd7_cy<10>_rt
LUT1 		module2op_45/Mmult_multoutext_Madd7_cy<9>_rt
LUT1 		module2op_45/Mmult_multoutext_Madd7_cy<8>_rt
LUT1 		module2op_45/Mmult_multoutext_Madd7_cy<7>_rt
XORCY 		module2op_45/Mmult_multoutext_Madd7_xor<7>
LUT1 		module2op_45/Mmult_multoutext_Madd6_cy<7>_rt
LUT1 		module2op_44/Mmult_multoutext_Madd7_cy<13>_rt
LUT1 		module2op_44/Mmult_multoutext_Madd7_cy<12>_rt
LUT1 		module2op_44/Mmult_multoutext_Madd7_cy<11>_rt
LUT1 		module2op_44/Mmult_multoutext_Madd7_cy<10>_rt
LUT1 		module2op_44/Mmult_multoutext_Madd7_cy<9>_rt
LUT1 		module2op_44/Mmult_multoutext_Madd7_cy<8>_rt
LUT1 		module2op_44/Mmult_multoutext_Madd7_cy<7>_rt
XORCY 		module2op_44/Mmult_multoutext_Madd7_xor<7>
LUT1 		module2op_44/Mmult_multoutext_Madd6_cy<7>_rt
LUT1 		module2op_43/Mmult_multoutext_Madd7_cy<13>_rt
LUT1 		module2op_43/Mmult_multoutext_Madd7_cy<12>_rt
LUT1 		module2op_43/Mmult_multoutext_Madd7_cy<11>_rt
LUT1 		module2op_43/Mmult_multoutext_Madd7_cy<10>_rt
LUT1 		module2op_43/Mmult_multoutext_Madd7_cy<9>_rt
LUT1 		module2op_43/Mmult_multoutext_Madd7_cy<8>_rt
LUT1 		module2op_43/Mmult_multoutext_Madd7_cy<7>_rt
XORCY 		module2op_43/Mmult_multoutext_Madd7_xor<7>
LUT1 		module2op_43/Mmult_multoutext_Madd6_cy<7>_rt
LUT1 		module2op_42/Mmult_multoutext_Madd7_cy<13>_rt
LUT1 		module2op_42/Mmult_multoutext_Madd7_cy<12>_rt
LUT1 		module2op_42/Mmult_multoutext_Madd7_cy<11>_rt
LUT1 		module2op_42/Mmult_multoutext_Madd7_cy<10>_rt
LUT1 		module2op_42/Mmult_multoutext_Madd7_cy<9>_rt
LUT1 		module2op_42/Mmult_multoutext_Madd7_cy<8>_rt
LUT1 		module2op_42/Mmult_multoutext_Madd7_cy<7>_rt
XORCY 		module2op_42/Mmult_multoutext_Madd7_xor<7>
LUT1 		module2op_42/Mmult_multoutext_Madd6_cy<7>_rt
LUT1 		module2op_41/Mmult_multoutext_Madd7_cy<13>_rt
LUT1 		module2op_41/Mmult_multoutext_Madd7_cy<12>_rt
LUT1 		module2op_41/Mmult_multoutext_Madd7_cy<11>_rt
LUT1 		module2op_41/Mmult_multoutext_Madd7_cy<10>_rt
LUT1 		module2op_41/Mmult_multoutext_Madd7_cy<9>_rt
LUT1 		module2op_41/Mmult_multoutext_Madd7_cy<8>_rt
LUT1 		module2op_41/Mmult_multoutext_Madd7_cy<7>_rt
XORCY 		module2op_41/Mmult_multoutext_Madd7_xor<7>
LUT1 		module2op_41/Mmult_multoutext_Madd6_cy<7>_rt
LUT1 		module2op_40/Mmult_multoutext_Madd7_cy<13>_rt
LUT1 		module2op_40/Mmult_multoutext_Madd7_cy<12>_rt
LUT1 		module2op_40/Mmult_multoutext_Madd7_cy<11>_rt
LUT1 		module2op_40/Mmult_multoutext_Madd7_cy<10>_rt
LUT1 		module2op_40/Mmult_multoutext_Madd7_cy<9>_rt
LUT1 		module2op_40/Mmult_multoutext_Madd7_cy<8>_rt
LUT1 		module2op_40/Mmult_multoutext_Madd7_cy<7>_rt
XORCY 		module2op_40/Mmult_multoutext_Madd7_xor<7>
LUT1 		module2op_40/Mmult_multoutext_Madd6_cy<7>_rt
LUT1 		module2op_39/Mmult_multoutext_Madd7_cy<13>_rt
LUT1 		module2op_39/Mmult_multoutext_Madd7_cy<12>_rt
LUT1 		module2op_39/Mmult_multoutext_Madd7_cy<11>_rt
LUT1 		module2op_39/Mmult_multoutext_Madd7_cy<10>_rt
LUT1 		module2op_39/Mmult_multoutext_Madd7_cy<9>_rt
LUT1 		module2op_39/Mmult_multoutext_Madd7_cy<8>_rt
LUT1 		module2op_39/Mmult_multoutext_Madd7_cy<7>_rt
XORCY 		module2op_39/Mmult_multoutext_Madd7_xor<7>
LUT1 		module2op_39/Mmult_multoutext_Madd6_cy<7>_rt
LUT1 		module2op_38/Mmult_multoutext_Madd7_cy<13>_rt
LUT1 		module2op_38/Mmult_multoutext_Madd7_cy<12>_rt
LUT1 		module2op_38/Mmult_multoutext_Madd7_cy<11>_rt
LUT1 		module2op_38/Mmult_multoutext_Madd7_cy<10>_rt
LUT1 		module2op_38/Mmult_multoutext_Madd7_cy<9>_rt
LUT1 		module2op_38/Mmult_multoutext_Madd7_cy<8>_rt
LUT1 		module2op_38/Mmult_multoutext_Madd7_cy<7>_rt
XORCY 		module2op_38/Mmult_multoutext_Madd7_xor<7>
LUT1 		module2op_38/Mmult_multoutext_Madd6_cy<7>_rt
LUT1 		module2op_37/Mmult_multoutext_Madd7_cy<13>_rt
LUT1 		module2op_37/Mmult_multoutext_Madd7_cy<12>_rt
LUT1 		module2op_37/Mmult_multoutext_Madd7_cy<11>_rt
LUT1 		module2op_37/Mmult_multoutext_Madd7_cy<10>_rt
LUT1 		module2op_37/Mmult_multoutext_Madd7_cy<9>_rt
LUT1 		module2op_37/Mmult_multoutext_Madd7_cy<8>_rt
LUT1 		module2op_37/Mmult_multoutext_Madd7_cy<7>_rt
XORCY 		module2op_37/Mmult_multoutext_Madd7_xor<7>
LUT1 		module2op_37/Mmult_multoutext_Madd6_cy<7>_rt
LUT1 		module2op_36/Mmult_multoutext_Madd7_cy<13>_rt
LUT1 		module2op_36/Mmult_multoutext_Madd7_cy<12>_rt
LUT1 		module2op_36/Mmult_multoutext_Madd7_cy<11>_rt
LUT1 		module2op_36/Mmult_multoutext_Madd7_cy<10>_rt
LUT1 		module2op_36/Mmult_multoutext_Madd7_cy<9>_rt
LUT1 		module2op_36/Mmult_multoutext_Madd7_cy<8>_rt
LUT1 		module2op_36/Mmult_multoutext_Madd7_cy<7>_rt
XORCY 		module2op_36/Mmult_multoutext_Madd7_xor<7>
LUT1 		module2op_36/Mmult_multoutext_Madd6_cy<7>_rt
LUT1 		module2op_35/Mmult_multoutext_Madd7_cy<13>_rt
LUT1 		module2op_35/Mmult_multoutext_Madd7_cy<12>_rt
LUT1 		module2op_35/Mmult_multoutext_Madd7_cy<11>_rt
LUT1 		module2op_35/Mmult_multoutext_Madd7_cy<10>_rt
LUT1 		module2op_35/Mmult_multoutext_Madd7_cy<9>_rt
LUT1 		module2op_35/Mmult_multoutext_Madd7_cy<8>_rt
LUT1 		module2op_35/Mmult_multoutext_Madd7_cy<7>_rt
XORCY 		module2op_35/Mmult_multoutext_Madd7_xor<7>
LUT1 		module2op_35/Mmult_multoutext_Madd6_cy<7>_rt
LUT1 		module2op_34/Mmult_multoutext_Madd7_cy<13>_rt
LUT1 		module2op_34/Mmult_multoutext_Madd7_cy<12>_rt
LUT1 		module2op_34/Mmult_multoutext_Madd7_cy<11>_rt
LUT1 		module2op_34/Mmult_multoutext_Madd7_cy<10>_rt
LUT1 		module2op_34/Mmult_multoutext_Madd7_cy<9>_rt
LUT1 		module2op_34/Mmult_multoutext_Madd7_cy<8>_rt
LUT1 		module2op_34/Mmult_multoutext_Madd7_cy<7>_rt
XORCY 		module2op_34/Mmult_multoutext_Madd7_xor<7>
LUT1 		module2op_34/Mmult_multoutext_Madd6_cy<7>_rt
LUT1 		module2op_33/Mmult_multoutext_Madd7_cy<13>_rt
LUT1 		module2op_33/Mmult_multoutext_Madd7_cy<12>_rt
LUT1 		module2op_33/Mmult_multoutext_Madd7_cy<11>_rt
LUT1 		module2op_33/Mmult_multoutext_Madd7_cy<10>_rt
LUT1 		module2op_33/Mmult_multoutext_Madd7_cy<9>_rt
LUT1 		module2op_33/Mmult_multoutext_Madd7_cy<8>_rt
LUT1 		module2op_33/Mmult_multoutext_Madd7_cy<7>_rt
XORCY 		module2op_33/Mmult_multoutext_Madd7_xor<7>
LUT1 		module2op_33/Mmult_multoutext_Madd6_cy<7>_rt
LUT1 		module2op_32/Mmult_multoutext_Madd7_cy<13>_rt
LUT1 		module2op_32/Mmult_multoutext_Madd7_cy<12>_rt
LUT1 		module2op_32/Mmult_multoutext_Madd7_cy<11>_rt
LUT1 		module2op_32/Mmult_multoutext_Madd7_cy<10>_rt
LUT1 		module2op_32/Mmult_multoutext_Madd7_cy<9>_rt
LUT1 		module2op_32/Mmult_multoutext_Madd7_cy<8>_rt
LUT1 		module2op_32/Mmult_multoutext_Madd7_cy<7>_rt
XORCY 		module2op_32/Mmult_multoutext_Madd7_xor<7>
LUT1 		module2op_32/Mmult_multoutext_Madd6_cy<7>_rt
LUT1 		module2op_31/Mmult_multoutext_Madd7_cy<13>_rt
LUT1 		module2op_31/Mmult_multoutext_Madd7_cy<12>_rt
LUT1 		module2op_31/Mmult_multoutext_Madd7_cy<11>_rt
LUT1 		module2op_31/Mmult_multoutext_Madd7_cy<10>_rt
LUT1 		module2op_31/Mmult_multoutext_Madd7_cy<9>_rt
LUT1 		module2op_31/Mmult_multoutext_Madd7_cy<8>_rt
LUT1 		module2op_31/Mmult_multoutext_Madd7_cy<7>_rt
XORCY 		module2op_31/Mmult_multoutext_Madd7_xor<7>
LUT1 		module2op_31/Mmult_multoutext_Madd6_cy<7>_rt
LUT1 		module2op_30/Mmult_multoutext_Madd7_cy<13>_rt
LUT1 		module2op_30/Mmult_multoutext_Madd7_cy<12>_rt
LUT1 		module2op_30/Mmult_multoutext_Madd7_cy<11>_rt
LUT1 		module2op_30/Mmult_multoutext_Madd7_cy<10>_rt
LUT1 		module2op_30/Mmult_multoutext_Madd7_cy<9>_rt
LUT1 		module2op_30/Mmult_multoutext_Madd7_cy<8>_rt
LUT1 		module2op_30/Mmult_multoutext_Madd7_cy<7>_rt
XORCY 		module2op_30/Mmult_multoutext_Madd7_xor<7>
LUT1 		module2op_30/Mmult_multoutext_Madd6_cy<7>_rt
LUT1 		module2op_29/Mmult_multoutext_Madd7_cy<13>_rt
LUT1 		module2op_29/Mmult_multoutext_Madd7_cy<12>_rt
LUT1 		module2op_29/Mmult_multoutext_Madd7_cy<11>_rt
LUT1 		module2op_29/Mmult_multoutext_Madd7_cy<10>_rt
LUT1 		module2op_29/Mmult_multoutext_Madd7_cy<9>_rt
LUT1 		module2op_29/Mmult_multoutext_Madd7_cy<8>_rt
LUT1 		module2op_29/Mmult_multoutext_Madd7_cy<7>_rt
XORCY 		module2op_29/Mmult_multoutext_Madd7_xor<7>
LUT1 		module2op_29/Mmult_multoutext_Madd6_cy<7>_rt
LUT1 		module2op_28/Mmult_multoutext_Madd7_cy<13>_rt
LUT1 		module2op_28/Mmult_multoutext_Madd7_cy<12>_rt
LUT1 		module2op_28/Mmult_multoutext_Madd7_cy<11>_rt
LUT1 		module2op_28/Mmult_multoutext_Madd7_cy<10>_rt
LUT1 		module2op_28/Mmult_multoutext_Madd7_cy<9>_rt
LUT1 		module2op_28/Mmult_multoutext_Madd7_cy<8>_rt
LUT1 		module2op_28/Mmult_multoutext_Madd7_cy<7>_rt
XORCY 		module2op_28/Mmult_multoutext_Madd7_xor<7>
LUT1 		module2op_28/Mmult_multoutext_Madd6_cy<7>_rt
LUT1 		module2op_27/Mmult_multoutext_Madd7_cy<13>_rt
LUT1 		module2op_27/Mmult_multoutext_Madd7_cy<12>_rt
LUT1 		module2op_27/Mmult_multoutext_Madd7_cy<11>_rt
LUT1 		module2op_27/Mmult_multoutext_Madd7_cy<10>_rt
LUT1 		module2op_27/Mmult_multoutext_Madd7_cy<9>_rt
LUT1 		module2op_27/Mmult_multoutext_Madd7_cy<8>_rt
LUT1 		module2op_27/Mmult_multoutext_Madd7_cy<7>_rt
XORCY 		module2op_27/Mmult_multoutext_Madd7_xor<7>
LUT1 		module2op_27/Mmult_multoutext_Madd6_cy<7>_rt
LUT1 		module2op_26/Mmult_multoutext_Madd7_cy<13>_rt
LUT1 		module2op_26/Mmult_multoutext_Madd7_cy<12>_rt
LUT1 		module2op_26/Mmult_multoutext_Madd7_cy<11>_rt
LUT1 		module2op_26/Mmult_multoutext_Madd7_cy<10>_rt
LUT1 		module2op_26/Mmult_multoutext_Madd7_cy<9>_rt
LUT1 		module2op_26/Mmult_multoutext_Madd7_cy<8>_rt
LUT1 		module2op_26/Mmult_multoutext_Madd7_cy<7>_rt
XORCY 		module2op_26/Mmult_multoutext_Madd7_xor<7>
LUT1 		module2op_26/Mmult_multoutext_Madd6_cy<7>_rt
LUT1 		module2op_25/Mmult_multoutext_Madd7_cy<13>_rt
LUT1 		module2op_25/Mmult_multoutext_Madd7_cy<12>_rt
LUT1 		module2op_25/Mmult_multoutext_Madd7_cy<11>_rt
LUT1 		module2op_25/Mmult_multoutext_Madd7_cy<10>_rt
LUT1 		module2op_25/Mmult_multoutext_Madd7_cy<9>_rt
LUT1 		module2op_25/Mmult_multoutext_Madd7_cy<8>_rt
LUT1 		module2op_25/Mmult_multoutext_Madd7_cy<7>_rt
XORCY 		module2op_25/Mmult_multoutext_Madd7_xor<7>
LUT1 		module2op_25/Mmult_multoutext_Madd6_cy<7>_rt
LUT1 		module2op_24/Mmult_multoutext_Madd7_cy<13>_rt
LUT1 		module2op_24/Mmult_multoutext_Madd7_cy<12>_rt
LUT1 		module2op_24/Mmult_multoutext_Madd7_cy<11>_rt
LUT1 		module2op_24/Mmult_multoutext_Madd7_cy<10>_rt
LUT1 		module2op_24/Mmult_multoutext_Madd7_cy<9>_rt
LUT1 		module2op_24/Mmult_multoutext_Madd7_cy<8>_rt
LUT1 		module2op_24/Mmult_multoutext_Madd7_cy<7>_rt
XORCY 		module2op_24/Mmult_multoutext_Madd7_xor<7>
LUT1 		module2op_24/Mmult_multoutext_Madd6_cy<7>_rt
LUT1 		module2op_23/Mmult_multoutext_Madd7_cy<13>_rt
LUT1 		module2op_23/Mmult_multoutext_Madd7_cy<12>_rt
LUT1 		module2op_23/Mmult_multoutext_Madd7_cy<11>_rt
LUT1 		module2op_23/Mmult_multoutext_Madd7_cy<10>_rt
LUT1 		module2op_23/Mmult_multoutext_Madd7_cy<9>_rt
LUT1 		module2op_23/Mmult_multoutext_Madd7_cy<8>_rt
LUT1 		module2op_23/Mmult_multoutext_Madd7_cy<7>_rt
XORCY 		module2op_23/Mmult_multoutext_Madd7_xor<7>
LUT1 		module2op_23/Mmult_multoutext_Madd6_cy<7>_rt
LUT1 		module2op_22/Mmult_multoutext_Madd7_cy<13>_rt
LUT1 		module2op_22/Mmult_multoutext_Madd7_cy<12>_rt
LUT1 		module2op_22/Mmult_multoutext_Madd7_cy<11>_rt
LUT1 		module2op_22/Mmult_multoutext_Madd7_cy<10>_rt
LUT1 		module2op_22/Mmult_multoutext_Madd7_cy<9>_rt
LUT1 		module2op_22/Mmult_multoutext_Madd7_cy<8>_rt
LUT1 		module2op_22/Mmult_multoutext_Madd7_cy<7>_rt
XORCY 		module2op_22/Mmult_multoutext_Madd7_xor<7>
LUT1 		module2op_22/Mmult_multoutext_Madd6_cy<7>_rt
LUT1 		module2op_21/Mmult_multoutext_Madd7_cy<13>_rt
LUT1 		module2op_21/Mmult_multoutext_Madd7_cy<12>_rt
LUT1 		module2op_21/Mmult_multoutext_Madd7_cy<11>_rt
LUT1 		module2op_21/Mmult_multoutext_Madd7_cy<10>_rt
LUT1 		module2op_21/Mmult_multoutext_Madd7_cy<9>_rt
LUT1 		module2op_21/Mmult_multoutext_Madd7_cy<8>_rt
LUT1 		module2op_21/Mmult_multoutext_Madd7_cy<7>_rt
XORCY 		module2op_21/Mmult_multoutext_Madd7_xor<7>
LUT1 		module2op_21/Mmult_multoutext_Madd6_cy<7>_rt
LUT1 		module2op_20/Mmult_multoutext_Madd7_cy<13>_rt
LUT1 		module2op_20/Mmult_multoutext_Madd7_cy<12>_rt
LUT1 		module2op_20/Mmult_multoutext_Madd7_cy<11>_rt
LUT1 		module2op_20/Mmult_multoutext_Madd7_cy<10>_rt
LUT1 		module2op_20/Mmult_multoutext_Madd7_cy<9>_rt
LUT1 		module2op_20/Mmult_multoutext_Madd7_cy<8>_rt
LUT1 		module2op_20/Mmult_multoutext_Madd7_cy<7>_rt
XORCY 		module2op_20/Mmult_multoutext_Madd7_xor<7>
LUT1 		module2op_20/Mmult_multoutext_Madd6_cy<7>_rt
LUT1 		module2op_19/Mmult_multoutext_Madd7_cy<13>_rt
LUT1 		module2op_19/Mmult_multoutext_Madd7_cy<12>_rt
LUT1 		module2op_19/Mmult_multoutext_Madd7_cy<11>_rt
LUT1 		module2op_19/Mmult_multoutext_Madd7_cy<10>_rt
LUT1 		module2op_19/Mmult_multoutext_Madd7_cy<9>_rt
LUT1 		module2op_19/Mmult_multoutext_Madd7_cy<8>_rt
LUT1 		module2op_19/Mmult_multoutext_Madd7_cy<7>_rt
XORCY 		module2op_19/Mmult_multoutext_Madd7_xor<7>
LUT1 		module2op_19/Mmult_multoutext_Madd6_cy<7>_rt
LUT1 		module2op_18/Mmult_multoutext_Madd7_cy<13>_rt
LUT1 		module2op_18/Mmult_multoutext_Madd7_cy<12>_rt
LUT1 		module2op_18/Mmult_multoutext_Madd7_cy<11>_rt
LUT1 		module2op_18/Mmult_multoutext_Madd7_cy<10>_rt
LUT1 		module2op_18/Mmult_multoutext_Madd7_cy<9>_rt
LUT1 		module2op_18/Mmult_multoutext_Madd7_cy<8>_rt
LUT1 		module2op_18/Mmult_multoutext_Madd7_cy<7>_rt
XORCY 		module2op_18/Mmult_multoutext_Madd7_xor<7>
LUT1 		module2op_18/Mmult_multoutext_Madd6_cy<7>_rt
LUT1 		module2op_17/Mmult_multoutext_Madd7_cy<13>_rt
LUT1 		module2op_17/Mmult_multoutext_Madd7_cy<12>_rt
LUT1 		module2op_17/Mmult_multoutext_Madd7_cy<11>_rt
LUT1 		module2op_17/Mmult_multoutext_Madd7_cy<10>_rt
LUT1 		module2op_17/Mmult_multoutext_Madd7_cy<9>_rt
LUT1 		module2op_17/Mmult_multoutext_Madd7_cy<8>_rt
LUT1 		module2op_17/Mmult_multoutext_Madd7_cy<7>_rt
XORCY 		module2op_17/Mmult_multoutext_Madd7_xor<7>
LUT1 		module2op_17/Mmult_multoutext_Madd6_cy<7>_rt
LUT1 		module2op_16/Mmult_multoutext_Madd7_cy<13>_rt
LUT1 		module2op_16/Mmult_multoutext_Madd7_cy<12>_rt
LUT1 		module2op_16/Mmult_multoutext_Madd7_cy<11>_rt
LUT1 		module2op_16/Mmult_multoutext_Madd7_cy<10>_rt
LUT1 		module2op_16/Mmult_multoutext_Madd7_cy<9>_rt
LUT1 		module2op_16/Mmult_multoutext_Madd7_cy<8>_rt
LUT1 		module2op_16/Mmult_multoutext_Madd7_cy<7>_rt
XORCY 		module2op_16/Mmult_multoutext_Madd7_xor<7>
LUT1 		module2op_16/Mmult_multoutext_Madd6_cy<7>_rt
LUT1 		module2op_15/Mmult_multoutext_Madd7_cy<13>_rt
LUT1 		module2op_15/Mmult_multoutext_Madd7_cy<12>_rt
LUT1 		module2op_15/Mmult_multoutext_Madd7_cy<11>_rt
LUT1 		module2op_15/Mmult_multoutext_Madd7_cy<10>_rt
LUT1 		module2op_15/Mmult_multoutext_Madd7_cy<9>_rt
LUT1 		module2op_15/Mmult_multoutext_Madd7_cy<8>_rt
LUT1 		module2op_15/Mmult_multoutext_Madd7_cy<7>_rt
XORCY 		module2op_15/Mmult_multoutext_Madd7_xor<7>
LUT1 		module2op_15/Mmult_multoutext_Madd6_cy<7>_rt
LUT1 		module2op_14/Mmult_multoutext_Madd7_cy<13>_rt
LUT1 		module2op_14/Mmult_multoutext_Madd7_cy<12>_rt
LUT1 		module2op_14/Mmult_multoutext_Madd7_cy<11>_rt
LUT1 		module2op_14/Mmult_multoutext_Madd7_cy<10>_rt
LUT1 		module2op_14/Mmult_multoutext_Madd7_cy<9>_rt
LUT1 		module2op_14/Mmult_multoutext_Madd7_cy<8>_rt
LUT1 		module2op_14/Mmult_multoutext_Madd7_cy<7>_rt
XORCY 		module2op_14/Mmult_multoutext_Madd7_xor<7>
LUT1 		module2op_14/Mmult_multoutext_Madd6_cy<7>_rt
LUT1 		module2op_13/Mmult_multoutext_Madd7_cy<13>_rt
LUT1 		module2op_13/Mmult_multoutext_Madd7_cy<12>_rt
LUT1 		module2op_13/Mmult_multoutext_Madd7_cy<11>_rt
LUT1 		module2op_13/Mmult_multoutext_Madd7_cy<10>_rt
LUT1 		module2op_13/Mmult_multoutext_Madd7_cy<9>_rt
LUT1 		module2op_13/Mmult_multoutext_Madd7_cy<8>_rt
LUT1 		module2op_13/Mmult_multoutext_Madd7_cy<7>_rt
XORCY 		module2op_13/Mmult_multoutext_Madd7_xor<7>
LUT1 		module2op_13/Mmult_multoutext_Madd6_cy<7>_rt
LUT1 		module2op_12/Mmult_multoutext_Madd7_cy<13>_rt
LUT1 		module2op_12/Mmult_multoutext_Madd7_cy<12>_rt
LUT1 		module2op_12/Mmult_multoutext_Madd7_cy<11>_rt
LUT1 		module2op_12/Mmult_multoutext_Madd7_cy<10>_rt
LUT1 		module2op_12/Mmult_multoutext_Madd7_cy<9>_rt
LUT1 		module2op_12/Mmult_multoutext_Madd7_cy<8>_rt
LUT1 		module2op_12/Mmult_multoutext_Madd7_cy<7>_rt
XORCY 		module2op_12/Mmult_multoutext_Madd7_xor<7>
LUT1 		module2op_12/Mmult_multoutext_Madd6_cy<7>_rt
LUT1 		module2op_11/Mmult_multoutext_Madd7_cy<13>_rt
LUT1 		module2op_11/Mmult_multoutext_Madd7_cy<12>_rt
LUT1 		module2op_11/Mmult_multoutext_Madd7_cy<11>_rt
LUT1 		module2op_11/Mmult_multoutext_Madd7_cy<10>_rt
LUT1 		module2op_11/Mmult_multoutext_Madd7_cy<9>_rt
LUT1 		module2op_11/Mmult_multoutext_Madd7_cy<8>_rt
LUT1 		module2op_11/Mmult_multoutext_Madd7_cy<7>_rt
XORCY 		module2op_11/Mmult_multoutext_Madd7_xor<7>
LUT1 		module2op_11/Mmult_multoutext_Madd6_cy<7>_rt
LUT1 		module2op_10/Mmult_multoutext_Madd7_cy<13>_rt
LUT1 		module2op_10/Mmult_multoutext_Madd7_cy<12>_rt
LUT1 		module2op_10/Mmult_multoutext_Madd7_cy<11>_rt
LUT1 		module2op_10/Mmult_multoutext_Madd7_cy<10>_rt
LUT1 		module2op_10/Mmult_multoutext_Madd7_cy<9>_rt
LUT1 		module2op_10/Mmult_multoutext_Madd7_cy<8>_rt
LUT1 		module2op_10/Mmult_multoutext_Madd7_cy<7>_rt
XORCY 		module2op_10/Mmult_multoutext_Madd7_xor<7>
LUT1 		module2op_10/Mmult_multoutext_Madd6_cy<7>_rt
LUT1 		module2op_9/Mmult_multoutext_Madd7_cy<13>_rt
LUT1 		module2op_9/Mmult_multoutext_Madd7_cy<12>_rt
LUT1 		module2op_9/Mmult_multoutext_Madd7_cy<11>_rt
LUT1 		module2op_9/Mmult_multoutext_Madd7_cy<10>_rt
LUT1 		module2op_9/Mmult_multoutext_Madd7_cy<9>_rt
LUT1 		module2op_9/Mmult_multoutext_Madd7_cy<8>_rt
LUT1 		module2op_9/Mmult_multoutext_Madd7_cy<7>_rt
XORCY 		module2op_9/Mmult_multoutext_Madd7_xor<7>
LUT1 		module2op_9/Mmult_multoutext_Madd6_cy<7>_rt
LUT1 		module2op_8/Mmult_multoutext_Madd7_cy<13>_rt
LUT1 		module2op_8/Mmult_multoutext_Madd7_cy<12>_rt
LUT1 		module2op_8/Mmult_multoutext_Madd7_cy<11>_rt
LUT1 		module2op_8/Mmult_multoutext_Madd7_cy<10>_rt
LUT1 		module2op_8/Mmult_multoutext_Madd7_cy<9>_rt
LUT1 		module2op_8/Mmult_multoutext_Madd7_cy<8>_rt
LUT1 		module2op_8/Mmult_multoutext_Madd7_cy<7>_rt
XORCY 		module2op_8/Mmult_multoutext_Madd7_xor<7>
LUT1 		module2op_8/Mmult_multoutext_Madd6_cy<7>_rt
LUT1 		module2op_7/Mmult_multoutext_Madd7_cy<13>_rt
LUT1 		module2op_7/Mmult_multoutext_Madd7_cy<12>_rt
LUT1 		module2op_7/Mmult_multoutext_Madd7_cy<11>_rt
LUT1 		module2op_7/Mmult_multoutext_Madd7_cy<10>_rt
LUT1 		module2op_7/Mmult_multoutext_Madd7_cy<9>_rt
LUT1 		module2op_7/Mmult_multoutext_Madd7_cy<8>_rt
LUT1 		module2op_7/Mmult_multoutext_Madd7_cy<7>_rt
XORCY 		module2op_7/Mmult_multoutext_Madd7_xor<7>
LUT1 		module2op_7/Mmult_multoutext_Madd6_cy<7>_rt
LUT1 		module2op_6/Mmult_multoutext_Madd7_cy<13>_rt
LUT1 		module2op_6/Mmult_multoutext_Madd7_cy<12>_rt
LUT1 		module2op_6/Mmult_multoutext_Madd7_cy<11>_rt
LUT1 		module2op_6/Mmult_multoutext_Madd7_cy<10>_rt
LUT1 		module2op_6/Mmult_multoutext_Madd7_cy<9>_rt
LUT1 		module2op_6/Mmult_multoutext_Madd7_cy<8>_rt
LUT1 		module2op_6/Mmult_multoutext_Madd7_cy<7>_rt
XORCY 		module2op_6/Mmult_multoutext_Madd7_xor<7>
LUT1 		module2op_6/Mmult_multoutext_Madd6_cy<7>_rt
LUT1 		module2op_5/Mmult_multoutext_Madd7_cy<13>_rt
LUT1 		module2op_5/Mmult_multoutext_Madd7_cy<12>_rt
LUT1 		module2op_5/Mmult_multoutext_Madd7_cy<11>_rt
LUT1 		module2op_5/Mmult_multoutext_Madd7_cy<10>_rt
LUT1 		module2op_5/Mmult_multoutext_Madd7_cy<9>_rt
LUT1 		module2op_5/Mmult_multoutext_Madd7_cy<8>_rt
LUT1 		module2op_5/Mmult_multoutext_Madd7_cy<7>_rt
XORCY 		module2op_5/Mmult_multoutext_Madd7_xor<7>
LUT1 		module2op_5/Mmult_multoutext_Madd6_cy<7>_rt
LUT1 		module2op_4/Mmult_multoutext_Madd7_cy<13>_rt
LUT1 		module2op_4/Mmult_multoutext_Madd7_cy<12>_rt
LUT1 		module2op_4/Mmult_multoutext_Madd7_cy<11>_rt
LUT1 		module2op_4/Mmult_multoutext_Madd7_cy<10>_rt
LUT1 		module2op_4/Mmult_multoutext_Madd7_cy<9>_rt
LUT1 		module2op_4/Mmult_multoutext_Madd7_cy<8>_rt
LUT1 		module2op_4/Mmult_multoutext_Madd7_cy<7>_rt
XORCY 		module2op_4/Mmult_multoutext_Madd7_xor<7>
LUT1 		module2op_4/Mmult_multoutext_Madd6_cy<7>_rt
LUT1 		module2op_3/Mmult_multoutext_Madd7_cy<13>_rt
LUT1 		module2op_3/Mmult_multoutext_Madd7_cy<12>_rt
LUT1 		module2op_3/Mmult_multoutext_Madd7_cy<11>_rt
LUT1 		module2op_3/Mmult_multoutext_Madd7_cy<10>_rt
LUT1 		module2op_3/Mmult_multoutext_Madd7_cy<9>_rt
LUT1 		module2op_3/Mmult_multoutext_Madd7_cy<8>_rt
LUT1 		module2op_3/Mmult_multoutext_Madd7_cy<7>_rt
XORCY 		module2op_3/Mmult_multoutext_Madd7_xor<7>
LUT1 		module2op_3/Mmult_multoutext_Madd6_cy<7>_rt
LUT1 		module2op_2/Mmult_multoutext_Madd7_cy<13>_rt
LUT1 		module2op_2/Mmult_multoutext_Madd7_cy<12>_rt
LUT1 		module2op_2/Mmult_multoutext_Madd7_cy<11>_rt
LUT1 		module2op_2/Mmult_multoutext_Madd7_cy<10>_rt
LUT1 		module2op_2/Mmult_multoutext_Madd7_cy<9>_rt
LUT1 		module2op_2/Mmult_multoutext_Madd7_cy<8>_rt
LUT1 		module2op_2/Mmult_multoutext_Madd7_cy<7>_rt
XORCY 		module2op_2/Mmult_multoutext_Madd7_xor<7>
LUT1 		module2op_2/Mmult_multoutext_Madd6_cy<7>_rt
LUT1 		module2op_1/Mmult_multoutext_Madd7_cy<13>_rt
LUT1 		module2op_1/Mmult_multoutext_Madd7_cy<12>_rt
LUT1 		module2op_1/Mmult_multoutext_Madd7_cy<11>_rt
LUT1 		module2op_1/Mmult_multoutext_Madd7_cy<10>_rt
LUT1 		module2op_1/Mmult_multoutext_Madd7_cy<9>_rt
LUT1 		module2op_1/Mmult_multoutext_Madd7_cy<8>_rt
LUT1 		module2op_1/Mmult_multoutext_Madd7_cy<7>_rt
XORCY 		module2op_1/Mmult_multoutext_Madd7_xor<7>
LUT1 		module2op_1/Mmult_multoutext_Madd6_cy<7>_rt
LUT1 		module2op_126/Mmult_multoutext_Madd5_xor<4>_rt
LUT1 		module2op_125/Mmult_multoutext_Madd5_xor<4>_rt
LUT1 		module2op_124/Mmult_multoutext_Madd5_xor<4>_rt
LUT1 		module2op_123/Mmult_multoutext_Madd5_xor<4>_rt
LUT1 		module2op_122/Mmult_multoutext_Madd5_xor<4>_rt
LUT1 		module2op_121/Mmult_multoutext_Madd5_xor<4>_rt
LUT1 		module2op_120/Mmult_multoutext_Madd5_xor<4>_rt
LUT1 		module2op_119/Mmult_multoutext_Madd5_xor<4>_rt
LUT1 		module2op_118/Mmult_multoutext_Madd5_xor<4>_rt
LUT1 		module2op_117/Mmult_multoutext_Madd5_xor<4>_rt
LUT1 		module2op_116/Mmult_multoutext_Madd5_xor<4>_rt
LUT1 		module2op_115/Mmult_multoutext_Madd5_xor<4>_rt
LUT1 		module2op_114/Mmult_multoutext_Madd5_xor<4>_rt
LUT1 		module2op_113/Mmult_multoutext_Madd5_xor<4>_rt
LUT1 		module2op_112/Mmult_multoutext_Madd5_xor<4>_rt
LUT1 		module2op_111/Mmult_multoutext_Madd5_xor<4>_rt
LUT1 		module2op_110/Mmult_multoutext_Madd5_xor<4>_rt
LUT1 		module2op_109/Mmult_multoutext_Madd5_xor<4>_rt
LUT1 		module2op_108/Mmult_multoutext_Madd5_xor<4>_rt
LUT1 		module2op_107/Mmult_multoutext_Madd5_xor<4>_rt
LUT1 		module2op_106/Mmult_multoutext_Madd5_xor<4>_rt
LUT1 		module2op_105/Mmult_multoutext_Madd5_xor<4>_rt
LUT1 		module2op_104/Mmult_multoutext_Madd5_xor<4>_rt
LUT1 		module2op_103/Mmult_multoutext_Madd5_xor<4>_rt
LUT1 		module2op_102/Mmult_multoutext_Madd5_xor<4>_rt
LUT1 		module2op_101/Mmult_multoutext_Madd5_xor<4>_rt
LUT1 		module2op_100/Mmult_multoutext_Madd5_xor<4>_rt
LUT1 		module2op_99/Mmult_multoutext_Madd5_xor<4>_rt
LUT1 		module2op_98/Mmult_multoutext_Madd5_xor<4>_rt
LUT1 		module2op_97/Mmult_multoutext_Madd5_xor<4>_rt
LUT1 		module2op_96/Mmult_multoutext_Madd5_xor<4>_rt
LUT1 		module2op_95/Mmult_multoutext_Madd5_xor<4>_rt
LUT1 		module2op_94/Mmult_multoutext_Madd5_xor<4>_rt
LUT1 		module2op_93/Mmult_multoutext_Madd5_xor<4>_rt
LUT1 		module2op_92/Mmult_multoutext_Madd5_xor<4>_rt
LUT1 		module2op_91/Mmult_multoutext_Madd5_xor<4>_rt
LUT1 		module2op_90/Mmult_multoutext_Madd5_xor<4>_rt
LUT1 		module2op_89/Mmult_multoutext_Madd5_xor<4>_rt
LUT1 		module2op_88/Mmult_multoutext_Madd5_xor<4>_rt
LUT1 		module2op_87/Mmult_multoutext_Madd5_xor<4>_rt
LUT1 		module2op_86/Mmult_multoutext_Madd5_xor<4>_rt
LUT1 		module2op_85/Mmult_multoutext_Madd5_xor<4>_rt
LUT1 		module2op_84/Mmult_multoutext_Madd5_xor<4>_rt
LUT1 		module2op_83/Mmult_multoutext_Madd5_xor<4>_rt
LUT1 		module2op_82/Mmult_multoutext_Madd5_xor<4>_rt
LUT1 		module2op_81/Mmult_multoutext_Madd5_xor<4>_rt
LUT1 		module2op_80/Mmult_multoutext_Madd5_xor<4>_rt
LUT1 		module2op_79/Mmult_multoutext_Madd5_xor<4>_rt
LUT1 		module2op_78/Mmult_multoutext_Madd5_xor<4>_rt
LUT1 		module2op_77/Mmult_multoutext_Madd5_xor<4>_rt
LUT1 		module2op_76/Mmult_multoutext_Madd5_xor<4>_rt
LUT1 		module2op_75/Mmult_multoutext_Madd5_xor<4>_rt
LUT1 		module2op_74/Mmult_multoutext_Madd5_xor<4>_rt
LUT1 		module2op_73/Mmult_multoutext_Madd5_xor<4>_rt
LUT1 		module2op_72/Mmult_multoutext_Madd5_xor<4>_rt
LUT1 		module2op_71/Mmult_multoutext_Madd5_xor<4>_rt
LUT1 		module2op_70/Mmult_multoutext_Madd5_xor<4>_rt
LUT1 		module2op_69/Mmult_multoutext_Madd5_xor<4>_rt
LUT1 		module2op_68/Mmult_multoutext_Madd5_xor<4>_rt
LUT1 		module2op_67/Mmult_multoutext_Madd5_xor<4>_rt
LUT1 		module2op_66/Mmult_multoutext_Madd5_xor<4>_rt
LUT1 		module2op_65/Mmult_multoutext_Madd5_xor<4>_rt
LUT1 		module2op_64/Mmult_multoutext_Madd5_xor<4>_rt
LUT1 		module2op_63/Mmult_multoutext_Madd5_xor<4>_rt
LUT1 		module2op_62/Mmult_multoutext_Madd5_xor<4>_rt
LUT1 		module2op_61/Mmult_multoutext_Madd5_xor<4>_rt
LUT1 		module2op_60/Mmult_multoutext_Madd5_xor<4>_rt
LUT1 		module2op_59/Mmult_multoutext_Madd5_xor<4>_rt
LUT1 		module2op_58/Mmult_multoutext_Madd5_xor<4>_rt
LUT1 		module2op_57/Mmult_multoutext_Madd5_xor<4>_rt
LUT1 		module2op_56/Mmult_multoutext_Madd5_xor<4>_rt
LUT1 		module2op_55/Mmult_multoutext_Madd5_xor<4>_rt
LUT1 		module2op_54/Mmult_multoutext_Madd5_xor<4>_rt
LUT1 		module2op_53/Mmult_multoutext_Madd5_xor<4>_rt
LUT1 		module2op_52/Mmult_multoutext_Madd5_xor<4>_rt
LUT1 		module2op_51/Mmult_multoutext_Madd5_xor<4>_rt
LUT1 		module2op_50/Mmult_multoutext_Madd5_xor<4>_rt
LUT1 		module2op_49/Mmult_multoutext_Madd5_xor<4>_rt
LUT1 		module2op_48/Mmult_multoutext_Madd5_xor<4>_rt
LUT1 		module2op_47/Mmult_multoutext_Madd5_xor<4>_rt
LUT1 		module2op_46/Mmult_multoutext_Madd5_xor<4>_rt
LUT1 		module2op_45/Mmult_multoutext_Madd5_xor<4>_rt
LUT1 		module2op_44/Mmult_multoutext_Madd5_xor<4>_rt
LUT1 		module2op_43/Mmult_multoutext_Madd5_xor<4>_rt
LUT1 		module2op_42/Mmult_multoutext_Madd5_xor<4>_rt
LUT1 		module2op_41/Mmult_multoutext_Madd5_xor<4>_rt
LUT1 		module2op_40/Mmult_multoutext_Madd5_xor<4>_rt
LUT1 		module2op_39/Mmult_multoutext_Madd5_xor<4>_rt
LUT1 		module2op_38/Mmult_multoutext_Madd5_xor<4>_rt
LUT1 		module2op_37/Mmult_multoutext_Madd5_xor<4>_rt
LUT1 		module2op_36/Mmult_multoutext_Madd5_xor<4>_rt
LUT1 		module2op_35/Mmult_multoutext_Madd5_xor<4>_rt
LUT1 		module2op_34/Mmult_multoutext_Madd5_xor<4>_rt
LUT1 		module2op_33/Mmult_multoutext_Madd5_xor<4>_rt
LUT1 		module2op_32/Mmult_multoutext_Madd5_xor<4>_rt
LUT1 		module2op_31/Mmult_multoutext_Madd5_xor<4>_rt
LUT1 		module2op_30/Mmult_multoutext_Madd5_xor<4>_rt
LUT1 		module2op_29/Mmult_multoutext_Madd5_xor<4>_rt
LUT1 		module2op_28/Mmult_multoutext_Madd5_xor<4>_rt
LUT1 		module2op_27/Mmult_multoutext_Madd5_xor<4>_rt
LUT1 		module2op_26/Mmult_multoutext_Madd5_xor<4>_rt
LUT1 		module2op_25/Mmult_multoutext_Madd5_xor<4>_rt
LUT1 		module2op_24/Mmult_multoutext_Madd5_xor<4>_rt
LUT1 		module2op_23/Mmult_multoutext_Madd5_xor<4>_rt
LUT1 		module2op_22/Mmult_multoutext_Madd5_xor<4>_rt
LUT1 		module2op_21/Mmult_multoutext_Madd5_xor<4>_rt
LUT1 		module2op_20/Mmult_multoutext_Madd5_xor<4>_rt
LUT1 		module2op_19/Mmult_multoutext_Madd5_xor<4>_rt
LUT1 		module2op_18/Mmult_multoutext_Madd5_xor<4>_rt
LUT1 		module2op_17/Mmult_multoutext_Madd5_xor<4>_rt
LUT1 		module2op_16/Mmult_multoutext_Madd5_xor<4>_rt
LUT1 		module2op_15/Mmult_multoutext_Madd5_xor<4>_rt
LUT1 		module2op_14/Mmult_multoutext_Madd5_xor<4>_rt
LUT1 		module2op_13/Mmult_multoutext_Madd5_xor<4>_rt
LUT1 		module2op_12/Mmult_multoutext_Madd5_xor<4>_rt
LUT1 		module2op_11/Mmult_multoutext_Madd5_xor<4>_rt
LUT1 		module2op_10/Mmult_multoutext_Madd5_xor<4>_rt
LUT1 		module2op_9/Mmult_multoutext_Madd5_xor<4>_rt
LUT1 		module2op_8/Mmult_multoutext_Madd5_xor<4>_rt
LUT1 		module2op_7/Mmult_multoutext_Madd5_xor<4>_rt
LUT1 		module2op_6/Mmult_multoutext_Madd5_xor<4>_rt
LUT1 		module2op_5/Mmult_multoutext_Madd5_xor<4>_rt
LUT1 		module2op_4/Mmult_multoutext_Madd5_xor<4>_rt
LUT1 		module2op_3/Mmult_multoutext_Madd5_xor<4>_rt
LUT1 		module2op_2/Mmult_multoutext_Madd5_xor<4>_rt
LUT1 		module2op_1/Mmult_multoutext_Madd5_xor<4>_rt

Section 12 - Configuration String Details
-----------------------------------------
BUFGMUX "clock_BUFGP/BUFG":
DISABLE_ATTR:LOW




Section 13 - Control Set Information
------------------------------------
No control set information for this architecture.
